
*** Running vivado
    with args -log counter7seg_design_wrapper.vdi -applog -m64 -product Vivado -messageDb vivado.pb -mode batch -source counter7seg_design_wrapper.tcl -notrace



****** Vivado v2025.2 (64-bit)
  **** SW Build 6299465 on Fri Nov 14 19:35:11 GMT 2025
  **** IP Build 6300035 on Fri Nov 14 10:48:45 MST 2025
  **** SharedData Build 6298862 on Thu Nov 13 04:50:51 MST 2025
  **** Start of session at: Wed Jun 17 00:14:40 2026
    ** Copyright 1986-2022 Xilinx, Inc. All Rights Reserved.
    ** Copyright 2022-2025 Advanced Micro Devices, Inc. All Rights Reserved.

source counter7seg_design_wrapper.tcl -notrace
create_project: Time (s): cpu = 00:00:08 ; elapsed = 00:00:05 . Memory (MB): peak = 563.004 ; gain = 254.863
INFO: [IP_Flow 19-234] Refreshing IP repositories
INFO: [IP_Flow 19-1704] No user IP repositories specified
INFO: [IP_Flow 19-2313] Loaded Vivado IP repository 'F:/Program/Vivado/2025.2/Vivado/data/ip'.
Command: link_design -top counter7seg_design_wrapper -part xc7a35ticsg324-1L
Design is defaulting to srcset: sources_1
Design is defaulting to constrset: constrs_1
INFO: [Device 21-403] Loading part xc7a35ticsg324-1L
INFO: [Project 1-5699] Read binary netlist with skipMacroContent - 1
INFO: [Project 1-454] Reading design checkpoint 'f:/Embedded/Vivado/KMA/led7seg/led7seg.gen/sources_1/bd/counter7seg_design/ip/counter7seg_design_ila_0_0/counter7seg_design_ila_0_0.dcp' for cell 'counter7seg_design_i/ila_0'
INFO: [Project 1-454] Reading design checkpoint 'f:/Embedded/Vivado/KMA/led7seg/led7seg.gen/sources_1/bd/counter7seg_design/ip/counter7seg_design_led_counter_top_0_0/counter7seg_design_led_counter_top_0_0.dcp' for cell 'counter7seg_design_i/led_counter_top_0'
INFO: [Project 1-454] Reading design checkpoint 'f:/Embedded/Vivado/KMA/led7seg/led7seg.gen/sources_1/bd/counter7seg_design/ip/counter7seg_design_vio_0_0/counter7seg_design_vio_0_0.dcp' for cell 'counter7seg_design_i/vio_0'
Netlist sorting complete. Time (s): cpu = 00:00:00 ; elapsed = 00:00:00.032 . Memory (MB): peak = 844.227 ; gain = 0.000
INFO: [Netlist 29-17] Analyzing 115 Unisim elements for replacement
INFO: [Netlist 29-28] Unisim Transformation completed in 0 CPU seconds
INFO: [Project 1-479] Netlist was created with Vivado 2025.2
INFO: [Project 1-570] Preparing netlist for logic optimization
INFO: [Chipscope 16-324] Core: counter7seg_design_i/ila_0 UUID: c8c345eb-4ed5-5200-9188-ec42590a54d6 
INFO: [Chipscope 16-324] Core: counter7seg_design_i/vio_0 UUID: 5dea6569-197d-5ab0-93d7-23cd85d76437 
Parsing XDC File [f:/Embedded/Vivado/KMA/led7seg/led7seg.gen/sources_1/bd/counter7seg_design/ip/counter7seg_design_vio_0_0/counter7seg_design_vio_0_0.xdc] for cell 'counter7seg_design_i/vio_0'
Finished Parsing XDC File [f:/Embedded/Vivado/KMA/led7seg/led7seg.gen/sources_1/bd/counter7seg_design/ip/counter7seg_design_vio_0_0/counter7seg_design_vio_0_0.xdc] for cell 'counter7seg_design_i/vio_0'
Parsing XDC File [f:/Embedded/Vivado/KMA/led7seg/led7seg.gen/sources_1/bd/counter7seg_design/ip/counter7seg_design_ila_0_0/ila_v6_2/constraints/ila_impl.xdc] for cell 'counter7seg_design_i/ila_0/inst'
WARNING: [Vivado_Tcl 4-921] Waiver ID 'CDC-10' -to list should not be empty. [f:/Embedded/Vivado/KMA/led7seg/led7seg.gen/sources_1/bd/counter7seg_design/ip/counter7seg_design_ila_0_0/ila_v6_2/constraints/ila_impl.xdc:31]
Finished Parsing XDC File [f:/Embedded/Vivado/KMA/led7seg/led7seg.gen/sources_1/bd/counter7seg_design/ip/counter7seg_design_ila_0_0/ila_v6_2/constraints/ila_impl.xdc] for cell 'counter7seg_design_i/ila_0/inst'
Parsing XDC File [f:/Embedded/Vivado/KMA/led7seg/led7seg.gen/sources_1/bd/counter7seg_design/ip/counter7seg_design_ila_0_0/ila_v6_2/constraints/ila.xdc] for cell 'counter7seg_design_i/ila_0/inst'
WARNING: [Vivado_Tcl 4-921] Waiver ID 'CDC-10' -to list should not be empty. [f:/Embedded/Vivado/KMA/led7seg/led7seg.gen/sources_1/bd/counter7seg_design/ip/counter7seg_design_ila_0_0/ila_v6_2/constraints/ila.xdc:108]
Finished Parsing XDC File [f:/Embedded/Vivado/KMA/led7seg/led7seg.gen/sources_1/bd/counter7seg_design/ip/counter7seg_design_ila_0_0/ila_v6_2/constraints/ila.xdc] for cell 'counter7seg_design_i/ila_0/inst'
Parsing XDC File [F:/Embedded/Vivado/KMA/led7seg/led7seg.srcs/constrs_1/new/counter7seg.xdc]
WARNING: [Vivado 12-507] No nets matched 'clk_0_IBUF_BUFG'. [F:/Embedded/Vivado/KMA/led7seg/led7seg.srcs/constrs_1/new/counter7seg.xdc:24]
CRITICAL WARNING: [Common 17-162] Invalid option value specified for '-nets'. [F:/Embedded/Vivado/KMA/led7seg/led7seg.srcs/constrs_1/new/counter7seg.xdc:24]
Finished Parsing XDC File [F:/Embedded/Vivado/KMA/led7seg/led7seg.srcs/constrs_1/new/counter7seg.xdc]
INFO: [Opt 31-138] Pushed 0 inverter(s) to 0 load pin(s).
INFO: [Project 1-1687] 2 scoped IP constraints or related sub-commands were skipped due to synthesis logic optimizations usually triggered by constant connectivity or unconnected output pins. To review the skipped constraints and messages, run the command 'set_param netlist.IPMsgFiltering false' before opening the design.
Netlist sorting complete. Time (s): cpu = 00:00:00 ; elapsed = 00:00:00.001 . Memory (MB): peak = 964.891 ; gain = 0.000
INFO: [Project 1-111] Unisim Transformation Summary:
  A total of 68 instances were transformed.
  CFGLUT5 => CFGLUT5 (SRL16E, SRLC32E): 68 instances

17 Infos, 3 Warnings, 1 Critical Warnings and 0 Errors encountered.
link_design completed successfully
link_design: Time (s): cpu = 00:00:09 ; elapsed = 00:00:10 . Memory (MB): peak = 964.891 ; gain = 351.336
Command: opt_design
Attempting to get a license for feature 'Implementation' and/or device 'xc7a35ti'
INFO: [Common 17-349] Got license for feature 'Implementation' and/or device 'xc7a35ti'
Running DRC as a precondition to command opt_design

Starting DRC Task
INFO: [DRC 23-27] Running DRC with 2 threads
INFO: [Project 1-461] DRC finished with 0 Errors
INFO: [Project 1-462] Please refer to the DRC report (report_drc) for more information.

Time (s): cpu = 00:00:01 ; elapsed = 00:00:00.509 . Memory (MB): peak = 1001.051 ; gain = 36.160

Starting Cache Timing Information Task
INFO: [Timing 38-35] Done setting XDC timing constraints.
Ending Cache Timing Information Task | Checksum: 15f7493c9

Time (s): cpu = 00:00:04 ; elapsed = 00:00:05 . Memory (MB): peak = 1542.938 ; gain = 541.887

Starting Logic Optimization Task

Phase 1 Initialization

Phase 1.1 Core Generation And Design Setup

Phase 1.1.1 Generate And Synthesize Debug Cores
INFO: [Chipscope 16-329] Generating Script for core instance : dbg_hub 
INFO: [IP_Flow 19-3806] Processing IP xilinx.com:ip:xsdbm:3.0 for cell dbg_hub_CV.
INFO: [Chipscope 16-469] Using cached IP synthesis design for IP xilinx.com:ip:xsdbm:3.0, cache-ID = 998371fbc9e4580c.
Done building netlist checker database: Time (s): cpu = 00:00:00 ; elapsed = 00:00:00.001 . Memory (MB): peak = 2025.145 ; gain = 0.000
CRITICAL WARNING: [Common 17-55] 'get_property' expects at least one object. [f:/Embedded/Vivado/KMA/led7seg/led7seg.runs/impl_1/.Xil/Vivado-11768-LAPTOP-3O671DBN/dbg_hub_CV.0/out/xsdbm_cc_late_late.xdc:10]
Resolution: If [get_<value>] was used to populate the object, check to make sure this command returns at least one valid object.
CRITICAL WARNING: [Common 17-1548] Command failed: can't read "wr_clk_period": no such variable
 [f:/Embedded/Vivado/KMA/led7seg/led7seg.runs/impl_1/.Xil/Vivado-11768-LAPTOP-3O671DBN/dbg_hub_CV.0/out/xsdbm_cc_late_late.xdc:12]
CRITICAL WARNING: [Common 17-1548] Command failed: can't read "skew_value": no such variable
 [f:/Embedded/Vivado/KMA/led7seg/led7seg.runs/impl_1/.Xil/Vivado-11768-LAPTOP-3O671DBN/dbg_hub_CV.0/out/xsdbm_cc_late_late.xdc:17]
CRITICAL WARNING: [Common 17-55] 'get_property' expects at least one object. [f:/Embedded/Vivado/KMA/led7seg/led7seg.runs/impl_1/.Xil/Vivado-11768-LAPTOP-3O671DBN/dbg_hub_CV.0/out/xsdbm_cc_late_late.xdc:19]
Resolution: If [get_<value>] was used to populate the object, check to make sure this command returns at least one valid object.
CRITICAL WARNING: [Common 17-1548] Command failed: can't read "skew_value": no such variable
 [f:/Embedded/Vivado/KMA/led7seg/led7seg.runs/impl_1/.Xil/Vivado-11768-LAPTOP-3O671DBN/dbg_hub_CV.0/out/xsdbm_cc_late_late.xdc:20]
CRITICAL WARNING: [Common 17-55] 'get_property' expects at least one object. [f:/Embedded/Vivado/KMA/led7seg/led7seg.runs/impl_1/.Xil/Vivado-11768-LAPTOP-3O671DBN/dbg_hub_CV.0/out/xsdbm_cc_late_late.xdc:24]
Resolution: If [get_<value>] was used to populate the object, check to make sure this command returns at least one valid object.
CRITICAL WARNING: [Common 17-1548] Command failed: can't read "rd_clk_period_2": no such variable
 [f:/Embedded/Vivado/KMA/led7seg/led7seg.runs/impl_1/.Xil/Vivado-11768-LAPTOP-3O671DBN/dbg_hub_CV.0/out/xsdbm_cc_late_late.xdc:25]
CRITICAL WARNING: [Common 17-55] 'get_property' expects at least one object. [f:/Embedded/Vivado/KMA/led7seg/led7seg.runs/impl_1/.Xil/Vivado-11768-LAPTOP-3O671DBN/dbg_hub_CV.0/out/xsdbm_cc_late_late.xdc:32]
Resolution: If [get_<value>] was used to populate the object, check to make sure this command returns at least one valid object.
CRITICAL WARNING: [Common 17-1548] Command failed: can't read "skew_value_2": no such variable
 [f:/Embedded/Vivado/KMA/led7seg/led7seg.runs/impl_1/.Xil/Vivado-11768-LAPTOP-3O671DBN/dbg_hub_CV.0/out/xsdbm_cc_late_late.xdc:33]
CRITICAL WARNING: [Common 17-1548] Command failed: can't read "skew_value_2": no such variable
 [f:/Embedded/Vivado/KMA/led7seg/led7seg.runs/impl_1/.Xil/Vivado-11768-LAPTOP-3O671DBN/dbg_hub_CV.0/out/xsdbm_cc_late_late.xdc:36]
Netlist sorting complete. Time (s): cpu = 00:00:00 ; elapsed = 00:00:00.021 . Memory (MB): peak = 2025.145 ; gain = 0.000
Phase 1.1.1 Generate And Synthesize Debug Cores | Checksum: 21f73d862

Time (s): cpu = 00:00:03 ; elapsed = 00:00:16 . Memory (MB): peak = 2025.145 ; gain = 21.434
Phase 1.1 Core Generation And Design Setup | Checksum: 21f73d862

Time (s): cpu = 00:00:03 ; elapsed = 00:00:16 . Memory (MB): peak = 2025.145 ; gain = 21.434

Phase 1.2 Setup Constraints And Sort Netlist
Phase 1.2 Setup Constraints And Sort Netlist | Checksum: 21f73d862

Time (s): cpu = 00:00:03 ; elapsed = 00:00:16 . Memory (MB): peak = 2025.145 ; gain = 21.434
Phase 1 Initialization | Checksum: 21f73d862

Time (s): cpu = 00:00:03 ; elapsed = 00:00:16 . Memory (MB): peak = 2025.145 ; gain = 21.434

Phase 2 Timer Update And Timing Data Collection

Phase 2.1 Detect if minReqCache needed
Phase 2.1 Detect if minReqCache needed | Checksum: 21f73d862

Time (s): cpu = 00:00:03 ; elapsed = 00:00:16 . Memory (MB): peak = 2025.145 ; gain = 21.434

Phase 2.2 Timer Update
Phase 2.2 Timer Update | Checksum: 21f73d862

Time (s): cpu = 00:00:03 ; elapsed = 00:00:16 . Memory (MB): peak = 2025.145 ; gain = 21.434

Phase 2.3 Timing Data Collection
Phase 2.3 Timing Data Collection | Checksum: 21f73d862

Time (s): cpu = 00:00:03 ; elapsed = 00:00:16 . Memory (MB): peak = 2025.145 ; gain = 21.434
Phase 2 Timer Update And Timing Data Collection | Checksum: 21f73d862

Time (s): cpu = 00:00:03 ; elapsed = 00:00:16 . Memory (MB): peak = 2025.145 ; gain = 21.434

Phase 3 Retarget
INFO: [Opt 31-1851] Number of loadless carry chains removed were: 0
INFO: [Opt 31-1834] Total Chains To Be Transformed Were: 0 AND Number of Transformed insts Created are: 0
INFO: [Opt 31-138] Pushed 1 inverter(s) to 1 load pin(s).
INFO: [Opt 31-49] Retargeted 0 cell(s).
Phase 3 Retarget | Checksum: 2731a132f

Time (s): cpu = 00:00:03 ; elapsed = 00:00:16 . Memory (MB): peak = 2025.145 ; gain = 21.434
Retarget | Checksum: 2731a132f
INFO: [Opt 31-389] Phase Retarget created 5 cells and removed 12 cells
INFO: [Opt 31-1021] In phase Retarget, 73 netlist objects are constrained preventing optimization. Please run opt_design with -debug_log to get more detail. 

Phase 4 Constant propagation
INFO: [Opt 31-138] Pushed 0 inverter(s) to 0 load pin(s).
Phase 4 Constant propagation | Checksum: 29e803ba0

Time (s): cpu = 00:00:03 ; elapsed = 00:00:16 . Memory (MB): peak = 2025.145 ; gain = 21.434
Constant propagation | Checksum: 29e803ba0
INFO: [Opt 31-389] Phase Constant propagation created 0 cells and removed 16 cells
INFO: [Opt 31-1021] In phase Constant propagation, 55 netlist objects are constrained preventing optimization. Please run opt_design with -debug_log to get more detail. 

Phase 5 Sweep
INFO: [Constraints 18-11670] Building netlist checker database with flags, 0x8
Done building netlist checker database: Time (s): cpu = 00:00:00 ; elapsed = 00:00:00.001 . Memory (MB): peak = 2025.145 ; gain = 0.000
INFO: [Constraints 18-11670] Building netlist checker database with flags, 0x8
Done building netlist checker database: Time (s): cpu = 00:00:00 ; elapsed = 00:00:00.001 . Memory (MB): peak = 2025.145 ; gain = 0.000
Phase 5 Sweep | Checksum: 28503607d

Time (s): cpu = 00:00:03 ; elapsed = 00:00:16 . Memory (MB): peak = 2025.145 ; gain = 21.434
Sweep | Checksum: 28503607d
INFO: [Opt 31-389] Phase Sweep created 0 cells and removed 61 cells
INFO: [Opt 31-1021] In phase Sweep, 1195 netlist objects are constrained preventing optimization. Please run opt_design with -debug_log to get more detail. 

Phase 6 BUFG optimization
INFO: [Opt 31-194] Inserted BUFG clk_0_IBUF_BUFG_inst to drive 2166 load(s) on clock net clk_0_IBUF_BUFG
INFO: [Opt 31-193] Inserted 1 BUFG(s) on clock nets
Phase 6 BUFG optimization | Checksum: 24d6dabb6

Time (s): cpu = 00:00:03 ; elapsed = 00:00:16 . Memory (MB): peak = 2025.145 ; gain = 21.434
BUFG optimization | Checksum: 24d6dabb6
INFO: [Opt 31-662] Phase BUFG optimization created 1 cells of which 1 are BUFGs and removed 0 cells.

Phase 7 Shift Register Optimization
INFO: [Opt 31-1064] SRL Remap converted 0 SRLs to 0 registers and converted 0 registers of register chains to 0 SRLs
Phase 7 Shift Register Optimization | Checksum: 24d6dabb6

Time (s): cpu = 00:00:03 ; elapsed = 00:00:16 . Memory (MB): peak = 2025.145 ; gain = 21.434
Shift Register Optimization | Checksum: 24d6dabb6
INFO: [Opt 31-389] Phase Shift Register Optimization created 0 cells and removed 0 cells

Phase 8 Post Processing Netlist
Phase 8 Post Processing Netlist | Checksum: 24d6dabb6

Time (s): cpu = 00:00:03 ; elapsed = 00:00:16 . Memory (MB): peak = 2025.145 ; gain = 21.434
Post Processing Netlist | Checksum: 24d6dabb6
INFO: [Opt 31-389] Phase Post Processing Netlist created 0 cells and removed 0 cells
INFO: [Opt 31-1021] In phase Post Processing Netlist, 65 netlist objects are constrained preventing optimization. Please run opt_design with -debug_log to get more detail. 

Phase 9 Finalization

Phase 9.1 Finalizing Design Cores and Updating Shapes
Phase 9.1 Finalizing Design Cores and Updating Shapes | Checksum: 1c8e9cbc2

Time (s): cpu = 00:00:03 ; elapsed = 00:00:16 . Memory (MB): peak = 2025.145 ; gain = 21.434

Phase 9.2 Verifying Netlist Connectivity

Starting Connectivity Check Task

Time (s): cpu = 00:00:00 ; elapsed = 00:00:00.011 . Memory (MB): peak = 2025.145 ; gain = 0.000
Phase 9.2 Verifying Netlist Connectivity | Checksum: 1c8e9cbc2

Time (s): cpu = 00:00:03 ; elapsed = 00:00:16 . Memory (MB): peak = 2025.145 ; gain = 21.434
Phase 9 Finalization | Checksum: 1c8e9cbc2

Time (s): cpu = 00:00:03 ; elapsed = 00:00:16 . Memory (MB): peak = 2025.145 ; gain = 21.434
Opt_design Change Summary
=========================


-------------------------------------------------------------------------------------------------------------------------
|  Phase                        |  #Cells created  |  #Cells Removed  |  #Constrained objects preventing optimizations  |
-------------------------------------------------------------------------------------------------------------------------
|  Retarget                     |               5  |              12  |                                             73  |
|  Constant propagation         |               0  |              16  |                                             55  |
|  Sweep                        |               0  |              61  |                                           1195  |
|  BUFG optimization            |               1  |               0  |                                              0  |
|  Shift Register Optimization  |               0  |               0  |                                              0  |
|  Post Processing Netlist      |               0  |               0  |                                             65  |
-------------------------------------------------------------------------------------------------------------------------


Ending Logic Optimization Task | Checksum: 1c8e9cbc2

Time (s): cpu = 00:00:03 ; elapsed = 00:00:16 . Memory (MB): peak = 2025.145 ; gain = 21.434

Starting Power Optimization Task
INFO: [Pwropt 34-132] Skipping clock gating for clocks with a period < 2.00 ns.
INFO: [Pwropt 34-9] Applying IDT optimizations ...
INFO: [Pwropt 34-10] Applying ODC optimizations ...
INFO: [Timing 38-35] Done setting XDC timing constraints.
Running Vector-less Activity Propagation...

Finished Running Vector-less Activity Propagation


Starting PowerOpt Patch Enables Task
INFO: [Pwropt 34-162] WRITE_MODE attribute of 0 BRAM(s) out of a total of 1 has been updated to save power. Run report_power_opt to get a complete listing of the BRAMs updated.
INFO: [Pwropt 34-201] Structural ODC has moved 0 WE to EN ports
Number of BRAM Ports augmented: 1 newly gated: 0 Total Ports: 2
Ending PowerOpt Patch Enables Task | Checksum: 105d35302

Time (s): cpu = 00:00:00 ; elapsed = 00:00:00.021 . Memory (MB): peak = 2025.145 ; gain = 0.000
Ending Power Optimization Task | Checksum: 105d35302

Time (s): cpu = 00:00:01 ; elapsed = 00:00:00.794 . Memory (MB): peak = 2025.145 ; gain = 0.000

Starting Final Cleanup Task
Ending Final Cleanup Task | Checksum: 105d35302

Time (s): cpu = 00:00:00 ; elapsed = 00:00:00.001 . Memory (MB): peak = 2025.145 ; gain = 0.000
Netlist sorting complete. Time (s): cpu = 00:00:00 ; elapsed = 00:00:00.002 . Memory (MB): peak = 2025.145 ; gain = 0.000
INFO: [Common 17-83] Releasing license: Implementation
59 Infos, 5 Warnings, 11 Critical Warnings and 0 Errors encountered.
opt_design completed successfully
opt_design: Time (s): cpu = 00:00:11 ; elapsed = 00:00:25 . Memory (MB): peak = 2025.145 ; gain = 1060.254
INFO: [Vivado 12-24828] Executing command : report_drc -file counter7seg_design_wrapper_drc_opted.rpt -pb counter7seg_design_wrapper_drc_opted.pb -rpx counter7seg_design_wrapper_drc_opted.rpx
Command: report_drc -file counter7seg_design_wrapper_drc_opted.rpt -pb counter7seg_design_wrapper_drc_opted.pb -rpx counter7seg_design_wrapper_drc_opted.rpx
INFO: [IP_Flow 19-1839] IP Catalog is up to date.
INFO: [DRC 23-27] Running DRC with 2 threads
INFO: [Vivado_Tcl 2-168] The results of DRC are in file F:/Embedded/Vivado/KMA/led7seg/led7seg.runs/impl_1/counter7seg_design_wrapper_drc_opted.rpt.
report_drc completed successfully
INFO: [Timing 38-480] Writing timing data to binary archive.
Wrote PlaceDB: Time (s): cpu = 00:00:00 ; elapsed = 00:00:00.001 . Memory (MB): peak = 2025.145 ; gain = 0.000
Wrote PulsedLatchDB: Time (s): cpu = 00:00:00 ; elapsed = 00:00:00 . Memory (MB): peak = 2025.145 ; gain = 0.000
Writing XDEF routing.
Write ShapeDB Complete: Time (s): cpu = 00:00:00 ; elapsed = 00:00:00.006 . Memory (MB): peak = 2025.145 ; gain = 0.000
Writing XDEF routing logical nets.
Writing XDEF routing special nets.
Wrote RouteStorage: Time (s): cpu = 00:00:00 ; elapsed = 00:00:00.017 . Memory (MB): peak = 2025.145 ; gain = 0.000
Wrote PlaceStorage: Time (s): cpu = 00:00:00 ; elapsed = 00:00:00.001 . Memory (MB): peak = 2025.145 ; gain = 0.000
Wrote Netlist Cache: Time (s): cpu = 00:00:00 ; elapsed = 00:00:00 . Memory (MB): peak = 2025.145 ; gain = 0.000
Wrote Device Cache: Time (s): cpu = 00:00:00 ; elapsed = 00:00:00.004 . Memory (MB): peak = 2025.145 ; gain = 0.000
Write Physdb Complete: Time (s): cpu = 00:00:00 ; elapsed = 00:00:00.027 . Memory (MB): peak = 2025.145 ; gain = 0.000
INFO: [Common 17-1381] The checkpoint 'F:/Embedded/Vivado/KMA/led7seg/led7seg.runs/impl_1/counter7seg_design_wrapper_opt.dcp' has been generated.
INFO: [Chipscope 16-240] Debug cores have already been implemented
Command: place_design
Attempting to get a license for feature 'Implementation' and/or device 'xc7a35ti'
INFO: [Common 17-349] Got license for feature 'Implementation' and/or device 'xc7a35ti'
INFO: [Common 17-83] Releasing license: Implementation
INFO: [DRC 23-27] Running DRC with 2 threads
INFO: [Vivado_Tcl 4-198] DRC finished with 0 Errors
INFO: [Vivado_Tcl 4-199] Please refer to the DRC report (report_drc) for more information.
INFO: [Timing 38-35] Done setting XDC timing constraints.
Running DRC as a precondition to command place_design
INFO: [DRC 23-27] Running DRC with 2 threads
INFO: [Vivado_Tcl 4-198] DRC finished with 0 Errors
INFO: [Vivado_Tcl 4-199] Please refer to the DRC report (report_drc) for more information.
INFO: [Place 30-611] Multithreading enabled for place_design using a maximum of 2 CPUs

Starting Placer Task

Phase 1 Placer Initialization

Phase 1.1 Placer Initialization Netlist Sorting
Netlist sorting complete. Time (s): cpu = 00:00:00 ; elapsed = 00:00:00.002 . Memory (MB): peak = 2025.145 ; gain = 0.000
Phase 1.1 Placer Initialization Netlist Sorting | Checksum: e4d40dbb

Time (s): cpu = 00:00:00 ; elapsed = 00:00:00.006 . Memory (MB): peak = 2025.145 ; gain = 0.000
Netlist sorting complete. Time (s): cpu = 00:00:00 ; elapsed = 00:00:00.002 . Memory (MB): peak = 2025.145 ; gain = 0.000

Phase 1.2 IO Placement/ Clock Placement/ Build Placer Device
Phase 1.2 IO Placement/ Clock Placement/ Build Placer Device | Checksum: 18032ca76

Time (s): cpu = 00:00:00 ; elapsed = 00:00:00.284 . Memory (MB): peak = 2025.145 ; gain = 0.000

Phase 1.3 Build Placer Netlist Model
Phase 1.3 Build Placer Netlist Model | Checksum: 22aa9f67a

Time (s): cpu = 00:00:01 ; elapsed = 00:00:00.749 . Memory (MB): peak = 2025.145 ; gain = 0.000

Phase 1.4 Constrain Clocks/Macros
Phase 1.4 Constrain Clocks/Macros | Checksum: 22aa9f67a

Time (s): cpu = 00:00:01 ; elapsed = 00:00:00.758 . Memory (MB): peak = 2025.145 ; gain = 0.000
Phase 1 Placer Initialization | Checksum: 22aa9f67a

Time (s): cpu = 00:00:01 ; elapsed = 00:00:00.772 . Memory (MB): peak = 2025.145 ; gain = 0.000

Phase 2 Global Placement

Phase 2.1 Floorplanning
Phase 2.1 Floorplanning | Checksum: 1d9fe1737

Time (s): cpu = 00:00:01 ; elapsed = 00:00:00.903 . Memory (MB): peak = 2025.145 ; gain = 0.000

Phase 2.2 Update Timing before SLR Path Opt
Phase 2.2 Update Timing before SLR Path Opt | Checksum: 20487933a

Time (s): cpu = 00:00:01 ; elapsed = 00:00:00.960 . Memory (MB): peak = 2025.145 ; gain = 0.000

Phase 2.3 Post-Processing in Floorplanning
Phase 2.3 Post-Processing in Floorplanning | Checksum: 20487933a

Time (s): cpu = 00:00:01 ; elapsed = 00:00:00.965 . Memory (MB): peak = 2025.145 ; gain = 0.000

Phase 2.4 Global Place Phase1
Phase 2.4 Global Place Phase1 | Checksum: 18f1e8ab8

Time (s): cpu = 00:00:03 ; elapsed = 00:00:02 . Memory (MB): peak = 2025.145 ; gain = 0.000

Phase 2.5 Global Place Phase2

Phase 2.5.1 UpdateTiming Before Physical Synthesis
Phase 2.5.1 UpdateTiming Before Physical Synthesis | Checksum: 18f1e8ab8

Time (s): cpu = 00:00:03 ; elapsed = 00:00:02 . Memory (MB): peak = 2025.145 ; gain = 0.000

Phase 2.5.2 Physical Synthesis In Placer
INFO: [Physopt 32-1035] Found 0 LUTNM shape to break, 133 LUT instances to create LUTNM shape
INFO: [Physopt 32-1044] Break lutnm for timing: one critical 0, two critical 0, total 0, new lutff created 0
INFO: [Physopt 32-1138] End 1 Pass. Optimized 61 nets or LUTs. Breaked 0 LUT, combined 61 existing LUTs and moved 0 existing LUT
INFO: [Physopt 32-65] No nets found for high-fanout optimization.
INFO: [Physopt 32-232] Optimized 0 net. Created 0 new instance.
INFO: [Physopt 32-775] End 1 Pass. Optimized 0 net or cell. Created 0 new cell, deleted 0 existing cell and moved 0 existing cell
INFO: [Physopt 32-670] No setup violation found.  DSP Register Optimization was not performed.
INFO: [Physopt 32-670] No setup violation found.  Shift Register to Pipeline Optimization was not performed.
INFO: [Physopt 32-670] No setup violation found.  Shift Register Optimization was not performed.
INFO: [Physopt 32-670] No setup violation found.  BRAM Register Optimization was not performed.
INFO: [Physopt 32-670] No setup violation found.  URAM Register Optimization was not performed.
INFO: [Physopt 32-949] No candidate nets found for dynamic/static region interface net replication
INFO: [Physopt 32-775] End 1 Pass. Optimized 0 net or cell. Created 0 new cell, deleted 0 existing cell and moved 0 existing cell
Netlist sorting complete. Time (s): cpu = 00:00:00 ; elapsed = 00:00:00.002 . Memory (MB): peak = 2025.145 ; gain = 0.000

Summary of Physical Synthesis Optimizations
============================================


-----------------------------------------------------------------------------------------------------------------------------------------------------------
|  Optimization                                     |  Added Cells  |  Removed Cells  |  Optimized Cells/Nets  |  Dont Touch  |  Iterations  |  Elapsed   |
-----------------------------------------------------------------------------------------------------------------------------------------------------------
|  LUT Combining                                    |            0  |             61  |                    61  |           0  |           1  |  00:00:00  |
|  Retime                                           |            0  |              0  |                     0  |           0  |           1  |  00:00:00  |
|  Very High Fanout                                 |            0  |              0  |                     0  |           0  |           1  |  00:00:00  |
|  DSP Register                                     |            0  |              0  |                     0  |           0  |           0  |  00:00:00  |
|  Shift Register to Pipeline                       |            0  |              0  |                     0  |           0  |           0  |  00:00:00  |
|  Shift Register                                   |            0  |              0  |                     0  |           0  |           0  |  00:00:00  |
|  BRAM Register                                    |            0  |              0  |                     0  |           0  |           0  |  00:00:00  |
|  URAM Register                                    |            0  |              0  |                     0  |           0  |           0  |  00:00:00  |
|  Dynamic/Static Region Interface Net Replication  |            0  |              0  |                     0  |           0  |           1  |  00:00:00  |
|  Total                                            |            0  |             61  |                    61  |           0  |           4  |  00:00:00  |
-----------------------------------------------------------------------------------------------------------------------------------------------------------


Phase 2.5.2 Physical Synthesis In Placer | Checksum: 1d93c9062

Time (s): cpu = 00:00:04 ; elapsed = 00:00:03 . Memory (MB): peak = 2025.145 ; gain = 0.000
Phase 2.5 Global Place Phase2 | Checksum: 26d1aed4d

Time (s): cpu = 00:00:04 ; elapsed = 00:00:03 . Memory (MB): peak = 2025.145 ; gain = 0.000
Phase 2 Global Placement | Checksum: 26d1aed4d

Time (s): cpu = 00:00:04 ; elapsed = 00:00:03 . Memory (MB): peak = 2025.145 ; gain = 0.000

Phase 3 Detail Placement

Phase 3.1 Commit Multi Column Macros
Phase 3.1 Commit Multi Column Macros | Checksum: 218dc6f51

Time (s): cpu = 00:00:04 ; elapsed = 00:00:03 . Memory (MB): peak = 2025.145 ; gain = 0.000

Phase 3.2 Commit Most Macros & LUTRAMs
Phase 3.2 Commit Most Macros & LUTRAMs | Checksum: 2f4c20b1c

Time (s): cpu = 00:00:04 ; elapsed = 00:00:03 . Memory (MB): peak = 2025.145 ; gain = 0.000

Phase 3.3 Area Swap Optimization
Phase 3.3 Area Swap Optimization | Checksum: 2c714bce1

Time (s): cpu = 00:00:04 ; elapsed = 00:00:03 . Memory (MB): peak = 2025.145 ; gain = 0.000

Phase 3.4 Pipeline Register Optimization
Phase 3.4 Pipeline Register Optimization | Checksum: 2b2453692

Time (s): cpu = 00:00:04 ; elapsed = 00:00:03 . Memory (MB): peak = 2025.145 ; gain = 0.000

Phase 3.5 Small Shape Detail Placement
Phase 3.5 Small Shape Detail Placement | Checksum: 261f5b174

Time (s): cpu = 00:00:05 ; elapsed = 00:00:04 . Memory (MB): peak = 2025.145 ; gain = 0.000

Phase 3.6 Re-assign LUT pins
Phase 3.6 Re-assign LUT pins | Checksum: 2739a4137

Time (s): cpu = 00:00:06 ; elapsed = 00:00:04 . Memory (MB): peak = 2025.145 ; gain = 0.000

Phase 3.7 Pipeline Register Optimization
Phase 3.7 Pipeline Register Optimization | Checksum: 267e3da66

Time (s): cpu = 00:00:06 ; elapsed = 00:00:04 . Memory (MB): peak = 2025.145 ; gain = 0.000
Phase 3 Detail Placement | Checksum: 267e3da66

Time (s): cpu = 00:00:06 ; elapsed = 00:00:04 . Memory (MB): peak = 2025.145 ; gain = 0.000

Phase 4 Post Placement Optimization and Clean-Up

Phase 4.1 Post Commit Optimization
INFO: [Timing 38-35] Done setting XDC timing constraints.

Phase 4.1.1 Post Placement Optimization
Post Placement Optimization Initialization | Checksum: 27f957c77

Phase 4.1.1.1 BUFG Insertion

Starting Physical Synthesis Task

Phase 1 Physical Synthesis Initialization
INFO: [Physopt 32-721] Multithreading enabled for phys_opt_design using a maximum of 2 CPUs
INFO: [Physopt 32-619] Estimated Timing Summary | WNS=27.446 | TNS=0.000 |
Phase 1 Physical Synthesis Initialization | Checksum: 1c1d13eec

Time (s): cpu = 00:00:00 ; elapsed = 00:00:00.032 . Memory (MB): peak = 2025.145 ; gain = 0.000
INFO: [Place 46-56] BUFG insertion identified 0 candidate nets. Inserted BUFG: 0, Replicated BUFG Driver: 0, Skipped due to Placement/Routing Conflicts: 0, Skipped due to Timing Degradation: 0, Skipped due to netlist editing failed: 0.
Ending Physical Synthesis Task | Checksum: 255b480b7

Time (s): cpu = 00:00:00 ; elapsed = 00:00:00.044 . Memory (MB): peak = 2025.145 ; gain = 0.000
Phase 4.1.1.1 BUFG Insertion | Checksum: 27f957c77

Time (s): cpu = 00:00:06 ; elapsed = 00:00:05 . Memory (MB): peak = 2025.145 ; gain = 0.000

Phase 4.1.1.2 Post Placement Timing Optimization
INFO: [Place 30-746] Post Placement Timing Summary WNS=27.446. For the most accurate timing information please run report_timing.
Phase 4.1.1.2 Post Placement Timing Optimization | Checksum: 2bbd5237c

Time (s): cpu = 00:00:06 ; elapsed = 00:00:05 . Memory (MB): peak = 2025.145 ; gain = 0.000

Time (s): cpu = 00:00:06 ; elapsed = 00:00:05 . Memory (MB): peak = 2025.145 ; gain = 0.000
Phase 4.1 Post Commit Optimization | Checksum: 2bbd5237c

Time (s): cpu = 00:00:06 ; elapsed = 00:00:05 . Memory (MB): peak = 2025.145 ; gain = 0.000

Phase 4.2 Post Placement Cleanup
Phase 4.2 Post Placement Cleanup | Checksum: 2bbd5237c

Time (s): cpu = 00:00:06 ; elapsed = 00:00:05 . Memory (MB): peak = 2025.145 ; gain = 0.000

Phase 4.3 Placer Reporting

Phase 4.3.1 Print Estimated Congestion
INFO: [Place 30-612] Post-Placement Estimated Congestion 
 ____________________________________________________
|           | Global Congestion | Short Congestion  |
| Direction | Region Size       | Region Size       |
|___________|___________________|___________________|
|      North|                1x1|                1x1|
|___________|___________________|___________________|
|      South|                1x1|                1x1|
|___________|___________________|___________________|
|       East|                1x1|                1x1|
|___________|___________________|___________________|
|       West|                1x1|                1x1|
|___________|___________________|___________________|

Phase 4.3.1 Print Estimated Congestion | Checksum: 2bbd5237c

Time (s): cpu = 00:00:06 ; elapsed = 00:00:05 . Memory (MB): peak = 2025.145 ; gain = 0.000
Phase 4.3 Placer Reporting | Checksum: 2bbd5237c

Time (s): cpu = 00:00:06 ; elapsed = 00:00:05 . Memory (MB): peak = 2025.145 ; gain = 0.000

Phase 4.4 Final Placement Cleanup
Netlist sorting complete. Time (s): cpu = 00:00:00 ; elapsed = 00:00:00.002 . Memory (MB): peak = 2025.145 ; gain = 0.000

Time (s): cpu = 00:00:06 ; elapsed = 00:00:05 . Memory (MB): peak = 2025.145 ; gain = 0.000
Phase 4 Post Placement Optimization and Clean-Up | Checksum: 2f99ee640

Time (s): cpu = 00:00:06 ; elapsed = 00:00:05 . Memory (MB): peak = 2025.145 ; gain = 0.000
Ending Placer Task | Checksum: 221c9b9e4

Time (s): cpu = 00:00:06 ; elapsed = 00:00:05 . Memory (MB): peak = 2025.145 ; gain = 0.000
95 Infos, 5 Warnings, 11 Critical Warnings and 0 Errors encountered.
place_design completed successfully
place_design: Time (s): cpu = 00:00:08 ; elapsed = 00:00:07 . Memory (MB): peak = 2025.145 ; gain = 0.000
INFO: [Vivado 12-24838] Running report commands "report_control_sets, report_io, report_utilization" in parallel.
Running report generation with 2 threads.
INFO: [Vivado 12-24828] Executing command : report_utilization -file counter7seg_design_wrapper_utilization_placed.rpt -pb counter7seg_design_wrapper_utilization_placed.pb
INFO: [Vivado 12-24828] Executing command : report_io -file counter7seg_design_wrapper_io_placed.rpt
report_io: Time (s): cpu = 00:00:01 ; elapsed = 00:00:00.062 . Memory (MB): peak = 2025.145 ; gain = 0.000
INFO: [Vivado 12-24828] Executing command : report_control_sets -verbose -file counter7seg_design_wrapper_control_sets_placed.rpt
report_control_sets: Time (s): cpu = 00:00:00 ; elapsed = 00:00:00.018 . Memory (MB): peak = 2025.145 ; gain = 0.000
INFO: [Timing 38-480] Writing timing data to binary archive.
Wrote PlaceDB: Time (s): cpu = 00:00:00 ; elapsed = 00:00:00 . Memory (MB): peak = 2025.145 ; gain = 0.000
Wrote PulsedLatchDB: Time (s): cpu = 00:00:00 ; elapsed = 00:00:00 . Memory (MB): peak = 2025.145 ; gain = 0.000
Writing XDEF routing.
Write ShapeDB Complete: Time (s): cpu = 00:00:00 ; elapsed = 00:00:00.009 . Memory (MB): peak = 2025.145 ; gain = 0.000
Writing XDEF routing logical nets.
Writing XDEF routing special nets.
Wrote RouteStorage: Time (s): cpu = 00:00:00 ; elapsed = 00:00:00.017 . Memory (MB): peak = 2025.145 ; gain = 0.000
Wrote PlaceStorage: Time (s): cpu = 00:00:00 ; elapsed = 00:00:00.128 . Memory (MB): peak = 2025.145 ; gain = 0.000
Wrote Netlist Cache: Time (s): cpu = 00:00:00 ; elapsed = 00:00:00.004 . Memory (MB): peak = 2025.145 ; gain = 0.000
Wrote Device Cache: Time (s): cpu = 00:00:00 ; elapsed = 00:00:00.004 . Memory (MB): peak = 2025.145 ; gain = 0.000
Write Physdb Complete: Time (s): cpu = 00:00:00 ; elapsed = 00:00:00.160 . Memory (MB): peak = 2025.145 ; gain = 0.000
INFO: [Common 17-1381] The checkpoint 'F:/Embedded/Vivado/KMA/led7seg/led7seg.runs/impl_1/counter7seg_design_wrapper_placed.dcp' has been generated.
Command: phys_opt_design
Attempting to get a license for feature 'Implementation' and/or device 'xc7a35ti'
INFO: [Common 17-349] Got license for feature 'Implementation' and/or device 'xc7a35ti'

Starting Initial Update Timing Task

Time (s): cpu = 00:00:01 ; elapsed = 00:00:00.176 . Memory (MB): peak = 2025.145 ; gain = 0.000
INFO: [Vivado_Tcl 4-2279] Estimated Timing Summary | WNS= 27.446 | TNS= 0.000 | 
INFO: [Vivado_Tcl 4-383] Design worst setup slack (WNS) is greater than or equal to 0.000 ns. All physical synthesis setup optimizations will be skipped.
INFO: [Vivado_Tcl 4-232] No setup violation found. The netlist was not modified.
INFO: [Common 17-83] Releasing license: Implementation
106 Infos, 5 Warnings, 11 Critical Warnings and 0 Errors encountered.
phys_opt_design completed successfully
Wrote PlaceDB: Time (s): cpu = 00:00:00 ; elapsed = 00:00:00 . Memory (MB): peak = 2025.145 ; gain = 0.000
INFO: [Timing 38-480] Writing timing data to binary archive.
Wrote PulsedLatchDB: Time (s): cpu = 00:00:00 ; elapsed = 00:00:00 . Memory (MB): peak = 2025.145 ; gain = 0.000
Writing XDEF routing.
Write ShapeDB Complete: Time (s): cpu = 00:00:00 ; elapsed = 00:00:00.012 . Memory (MB): peak = 2025.145 ; gain = 0.000
Writing XDEF routing logical nets.
Writing XDEF routing special nets.
Wrote RouteStorage: Time (s): cpu = 00:00:00 ; elapsed = 00:00:00.018 . Memory (MB): peak = 2025.145 ; gain = 0.000
Wrote PlaceStorage: Time (s): cpu = 00:00:00 ; elapsed = 00:00:00.140 . Memory (MB): peak = 2025.145 ; gain = 0.000
Wrote Netlist Cache: Time (s): cpu = 00:00:00 ; elapsed = 00:00:00.004 . Memory (MB): peak = 2025.145 ; gain = 0.000
Wrote Device Cache: Time (s): cpu = 00:00:00 ; elapsed = 00:00:00.005 . Memory (MB): peak = 2025.145 ; gain = 0.000
Write Physdb Complete: Time (s): cpu = 00:00:00 ; elapsed = 00:00:00.174 . Memory (MB): peak = 2025.145 ; gain = 0.000
INFO: [Common 17-1381] The checkpoint 'F:/Embedded/Vivado/KMA/led7seg/led7seg.runs/impl_1/counter7seg_design_wrapper_physopt.dcp' has been generated.
Command: route_design
Attempting to get a license for feature 'Implementation' and/or device 'xc7a35ti'
INFO: [Common 17-349] Got license for feature 'Implementation' and/or device 'xc7a35ti'


Starting Routing Task
INFO: [Route 35-254] Multithreading enabled for route_design using a maximum of 2 CPUs

Phase 1 Build RT Design
Checksum: PlaceDB: 8ef76acb ConstDB: 0 ShapeSum: f250f2c2 RouteDB: a0815c57
Post Restoration Checksum: NetGraph: 6b672acb | NumContArr: 42d58473 | Constraints: c2a8fa9d | Timing: c2a8fa9d
Phase 1 Build RT Design | Checksum: 2338ea478

Time (s): cpu = 00:00:15 ; elapsed = 00:00:14 . Memory (MB): peak = 2025.145 ; gain = 0.000

Phase 2 Router Initialization

Phase 2.1 Fix Topology Constraints
Phase 2.1 Fix Topology Constraints | Checksum: 2338ea478

Time (s): cpu = 00:00:15 ; elapsed = 00:00:14 . Memory (MB): peak = 2025.145 ; gain = 0.000

Phase 2.2 Pre Route Cleanup
Phase 2.2 Pre Route Cleanup | Checksum: 2338ea478

Time (s): cpu = 00:00:15 ; elapsed = 00:00:14 . Memory (MB): peak = 2025.145 ; gain = 0.000
 Number of Nodes with overlaps = 0

Phase 2.3 Update Timing
Phase 2.3 Update Timing | Checksum: 1a6199771

Time (s): cpu = 00:00:16 ; elapsed = 00:00:15 . Memory (MB): peak = 2025.145 ; gain = 0.000
INFO: [Route 35-416] Intermediate Timing Summary | WNS=27.504 | TNS=0.000  | WHS=-0.202 | THS=-18.605|


Phase 2.4 Soft Constraint Pins - Fast Budgeting
Phase 2.4 Soft Constraint Pins - Fast Budgeting | Checksum: 1de63a839

Time (s): cpu = 00:00:16 ; elapsed = 00:00:15 . Memory (MB): peak = 2025.145 ; gain = 0.000

Router Utilization Summary
  Global Vertical Routing Utilization    = 0 %
  Global Horizontal Routing Utilization  = 0 %
  Routable Net Status*
  *Does not include unroutable nets such as driverless and loadless.
  Run report_route_status for detailed report.
  Number of Failed Nets               = 3432
    (Failed Nets is the sum of unrouted and partially routed nets)
  Number of Unrouted Nets             = 3432
  Number of Partially Routed Nets     = 0
  Number of Node Overlaps             = 0

Phase 2 Router Initialization | Checksum: 136ea6276

Time (s): cpu = 00:00:16 ; elapsed = 00:00:15 . Memory (MB): peak = 2025.145 ; gain = 0.000

Phase 3 Global Routing
Phase 3 Global Routing | Checksum: 136ea6276

Time (s): cpu = 00:00:16 ; elapsed = 00:00:15 . Memory (MB): peak = 2025.145 ; gain = 0.000

Phase 4 Initial Routing

Phase 4.1 Initial Net Routing Pass
Phase 4.1 Initial Net Routing Pass | Checksum: 2101a2c8e

Time (s): cpu = 00:00:16 ; elapsed = 00:00:15 . Memory (MB): peak = 2025.145 ; gain = 0.000
Phase 4 Initial Routing | Checksum: 2101a2c8e

Time (s): cpu = 00:00:16 ; elapsed = 00:00:15 . Memory (MB): peak = 2025.145 ; gain = 0.000

Phase 5 Rip-up And Reroute

Phase 5.1 Global Iteration 0
 Number of Nodes with overlaps = 130
 Number of Nodes with overlaps = 0
INFO: [Route 35-416] Intermediate Timing Summary | WNS=26.610 | TNS=0.000  | WHS=N/A    | THS=N/A    |

Phase 5.1 Global Iteration 0 | Checksum: 14def61cd

Time (s): cpu = 00:00:17 ; elapsed = 00:00:16 . Memory (MB): peak = 2025.145 ; gain = 0.000

Phase 5.2 Global Iteration 1
 Number of Nodes with overlaps = 1
 Number of Nodes with overlaps = 0
INFO: [Route 35-416] Intermediate Timing Summary | WNS=26.610 | TNS=0.000  | WHS=N/A    | THS=N/A    |

Phase 5.2 Global Iteration 1 | Checksum: 35e6f1a40

Time (s): cpu = 00:00:17 ; elapsed = 00:00:16 . Memory (MB): peak = 2025.145 ; gain = 0.000
Phase 5 Rip-up And Reroute | Checksum: 35e6f1a40

Time (s): cpu = 00:00:17 ; elapsed = 00:00:16 . Memory (MB): peak = 2025.145 ; gain = 0.000

Phase 6 Delay and Skew Optimization

Phase 6.1 Delay CleanUp
Phase 6.1 Delay CleanUp | Checksum: 35e6f1a40

Time (s): cpu = 00:00:17 ; elapsed = 00:00:16 . Memory (MB): peak = 2025.145 ; gain = 0.000

Phase 6.2 Clock Skew Optimization
Phase 6.2 Clock Skew Optimization | Checksum: 35e6f1a40

Time (s): cpu = 00:00:17 ; elapsed = 00:00:16 . Memory (MB): peak = 2025.145 ; gain = 0.000
Phase 6 Delay and Skew Optimization | Checksum: 35e6f1a40

Time (s): cpu = 00:00:17 ; elapsed = 00:00:16 . Memory (MB): peak = 2025.145 ; gain = 0.000

Phase 7 Post Hold Fix

Phase 7.1 Hold Fix Iter
INFO: [Route 35-416] Intermediate Timing Summary | WNS=26.704 | TNS=0.000  | WHS=0.045  | THS=0.000  |

Phase 7.1 Hold Fix Iter | Checksum: 2edd85388

Time (s): cpu = 00:00:17 ; elapsed = 00:00:16 . Memory (MB): peak = 2025.145 ; gain = 0.000
Phase 7 Post Hold Fix | Checksum: 2edd85388

Time (s): cpu = 00:00:17 ; elapsed = 00:00:16 . Memory (MB): peak = 2025.145 ; gain = 0.000

Phase 8 Route finalize

Router Utilization Summary
  Global Vertical Routing Utilization    = 0.649127 %
  Global Horizontal Routing Utilization  = 0.78683 %
  Routable Net Status*
  *Does not include unroutable nets such as driverless and loadless.
  Run report_route_status for detailed report.
  Number of Failed Nets               = 0
    (Failed Nets is the sum of unrouted and partially routed nets)
  Number of Unrouted Nets             = 0
  Number of Partially Routed Nets     = 0
  Number of Node Overlaps             = 0

Phase 8 Route finalize | Checksum: 2edd85388

Time (s): cpu = 00:00:17 ; elapsed = 00:00:16 . Memory (MB): peak = 2025.145 ; gain = 0.000

Phase 9 Verifying routed nets

 Verification completed successfully
Phase 9 Verifying routed nets | Checksum: 2edd85388

Time (s): cpu = 00:00:17 ; elapsed = 00:00:16 . Memory (MB): peak = 2025.145 ; gain = 0.000

Phase 10 Depositing Routes
Phase 10 Depositing Routes | Checksum: 26b0a4f8b

Time (s): cpu = 00:00:18 ; elapsed = 00:00:16 . Memory (MB): peak = 2025.145 ; gain = 0.000

Phase 11 Post Process Routing
Phase 11 Post Process Routing | Checksum: 26b0a4f8b

Time (s): cpu = 00:00:18 ; elapsed = 00:00:16 . Memory (MB): peak = 2025.145 ; gain = 0.000

Phase 12 Post Router Timing
INFO: [Route 35-57] Estimated Timing Summary | WNS=26.704 | TNS=0.000  | WHS=0.045  | THS=0.000  |

INFO: [Route 35-327] The final timing numbers are based on the router estimated timing analysis. For a complete and accurate timing signoff, please run report_timing_summary.
Phase 12 Post Router Timing | Checksum: 26b0a4f8b

Time (s): cpu = 00:00:18 ; elapsed = 00:00:16 . Memory (MB): peak = 2025.145 ; gain = 0.000
Total Elapsed time in route_design: 16.017 secs

Phase 13 Post-Route Event Processing
Phase 13 Post-Route Event Processing | Checksum: 1b47f636b

Time (s): cpu = 00:00:18 ; elapsed = 00:00:16 . Memory (MB): peak = 2025.145 ; gain = 0.000
INFO: [Route 35-16] Router Completed Successfully
Ending Routing Task | Checksum: 1b47f636b

Time (s): cpu = 00:00:18 ; elapsed = 00:00:16 . Memory (MB): peak = 2025.145 ; gain = 0.000

Routing Is Done.
INFO: [Common 17-83] Releasing license: Implementation
118 Infos, 5 Warnings, 11 Critical Warnings and 0 Errors encountered.
route_design completed successfully
route_design: Time (s): cpu = 00:00:18 ; elapsed = 00:00:16 . Memory (MB): peak = 2025.145 ; gain = 0.000
INFO: [Vivado 12-24828] Executing command : report_drc -file counter7seg_design_wrapper_drc_routed.rpt -pb counter7seg_design_wrapper_drc_routed.pb -rpx counter7seg_design_wrapper_drc_routed.rpx
Command: report_drc -file counter7seg_design_wrapper_drc_routed.rpt -pb counter7seg_design_wrapper_drc_routed.pb -rpx counter7seg_design_wrapper_drc_routed.rpx
INFO: [IP_Flow 19-1839] IP Catalog is up to date.
INFO: [DRC 23-27] Running DRC with 2 threads
INFO: [Vivado_Tcl 2-168] The results of DRC are in file F:/Embedded/Vivado/KMA/led7seg/led7seg.runs/impl_1/counter7seg_design_wrapper_drc_routed.rpt.
report_drc completed successfully
INFO: [Vivado 12-24828] Executing command : report_methodology -file counter7seg_design_wrapper_methodology_drc_routed.rpt -pb counter7seg_design_wrapper_methodology_drc_routed.pb -rpx counter7seg_design_wrapper_methodology_drc_routed.rpx
Command: report_methodology -file counter7seg_design_wrapper_methodology_drc_routed.rpt -pb counter7seg_design_wrapper_methodology_drc_routed.pb -rpx counter7seg_design_wrapper_methodology_drc_routed.rpx
INFO: [Timing 38-35] Done setting XDC timing constraints.
INFO: [DRC 23-133] Running Methodology with 2 threads
INFO: [Vivado_Tcl 2-1520] The results of Report Methodology are in file F:/Embedded/Vivado/KMA/led7seg/led7seg.runs/impl_1/counter7seg_design_wrapper_methodology_drc_routed.rpt.
report_methodology completed successfully
INFO: [Vivado 12-24828] Executing command : report_timing_summary -max_paths 10 -routable_nets -report_unconstrained -file counter7seg_design_wrapper_timing_summary_routed.rpt -pb counter7seg_design_wrapper_timing_summary_routed.pb -rpx counter7seg_design_wrapper_timing_summary_routed.rpx -warn_on_violation 
INFO: [Timing 38-35] Done setting XDC timing constraints.
INFO: [Timing 38-91] UpdateTimingParams: Speed grade: -1L, Delay Type: min_max.
INFO: [Timing 38-191] Multithreading enabled for timing update using a maximum of 2 CPUs
INFO: [Vivado 12-24838] Running report commands "report_incremental_reuse, report_route_status" in parallel.
Running report generation with 2 threads.
INFO: [Vivado 12-24828] Executing command : report_incremental_reuse -file counter7seg_design_wrapper_incremental_reuse_routed.rpt
INFO: [Vivado_Tcl 4-1062] Incremental flow is disabled. No incremental reuse Info to report.
INFO: [Vivado 12-24828] Executing command : report_route_status -file counter7seg_design_wrapper_route_status.rpt -pb counter7seg_design_wrapper_route_status.pb
INFO: [Vivado 12-24828] Executing command : report_power -file counter7seg_design_wrapper_power_routed.rpt -pb counter7seg_design_wrapper_power_summary_routed.pb -rpx counter7seg_design_wrapper_power_routed.rpx
Command: report_power -file counter7seg_design_wrapper_power_routed.rpt -pb counter7seg_design_wrapper_power_summary_routed.pb -rpx counter7seg_design_wrapper_power_routed.rpx
Running Vector-less Activity Propagation...

Finished Running Vector-less Activity Propagation
135 Infos, 5 Warnings, 11 Critical Warnings and 0 Errors encountered.
report_power completed successfully
INFO: [Vivado 12-24828] Executing command : report_clock_utilization -file counter7seg_design_wrapper_clock_utilization_routed.rpt
INFO: [Vivado 12-24828] Executing command : report_bus_skew -warn_on_violation -file counter7seg_design_wrapper_bus_skew_routed.rpt -pb counter7seg_design_wrapper_bus_skew_routed.pb -rpx counter7seg_design_wrapper_bus_skew_routed.rpx
INFO: [Timing 38-91] UpdateTimingParams: Speed grade: -1L, Delay Type: min_max.
INFO: [Timing 38-191] Multithreading enabled for timing update using a maximum of 2 CPUs
INFO: [Timing 38-480] Writing timing data to binary archive.
Wrote PlaceDB: Time (s): cpu = 00:00:00 ; elapsed = 00:00:00 . Memory (MB): peak = 2025.145 ; gain = 0.000
Wrote PulsedLatchDB: Time (s): cpu = 00:00:00 ; elapsed = 00:00:00 . Memory (MB): peak = 2025.145 ; gain = 0.000
Writing XDEF routing.
Write ShapeDB Complete: Time (s): cpu = 00:00:00 ; elapsed = 00:00:00.011 . Memory (MB): peak = 2025.145 ; gain = 0.000
Writing XDEF routing logical nets.
Writing XDEF routing special nets.
Wrote RouteStorage: Time (s): cpu = 00:00:00 ; elapsed = 00:00:00.050 . Memory (MB): peak = 2025.145 ; gain = 0.000
Wrote PlaceStorage: Time (s): cpu = 00:00:01 ; elapsed = 00:00:00.128 . Memory (MB): peak = 2025.145 ; gain = 0.000
Wrote Netlist Cache: Time (s): cpu = 00:00:00 ; elapsed = 00:00:00.004 . Memory (MB): peak = 2025.145 ; gain = 0.000
Wrote Device Cache: Time (s): cpu = 00:00:00 ; elapsed = 00:00:00.004 . Memory (MB): peak = 2025.145 ; gain = 0.000
Write Physdb Complete: Time (s): cpu = 00:00:01 ; elapsed = 00:00:00.192 . Memory (MB): peak = 2025.145 ; gain = 0.000
INFO: [Common 17-1381] The checkpoint 'F:/Embedded/Vivado/KMA/led7seg/led7seg.runs/impl_1/counter7seg_design_wrapper_routed.dcp' has been generated.
Command: write_bitstream -force counter7seg_design_wrapper.bit
Attempting to get a license for feature 'Implementation' and/or device 'xc7a35ti'
INFO: [Common 17-349] Got license for feature 'Implementation' and/or device 'xc7a35ti'
Running DRC as a precondition to command write_bitstream
INFO: [IP_Flow 19-1839] IP Catalog is up to date.
INFO: [DRC 23-27] Running DRC with 2 threads
INFO: [Vivado 12-3199] DRC finished with 0 Errors
INFO: [Vivado 12-3200] Please refer to the DRC report (report_drc) for more information.
Integrating Hard IP ELF/MEM with the PDI.
INFO: [Designutils 20-2272] Running write_bitstream with 2 threads.
Loading data files...
Loading site data...
Loading route data...
Processing options...
Creating bitmap...
Creating bitstream...
Writing bitstream ./counter7seg_design_wrapper.bit...
INFO: [Vivado 12-1842] Bitgen Completed Successfully.
INFO: [Common 17-83] Releasing license: Implementation
149 Infos, 5 Warnings, 11 Critical Warnings and 0 Errors encountered.
write_bitstream completed successfully
write_bitstream: Time (s): cpu = 00:00:09 ; elapsed = 00:00:08 . Memory (MB): peak = 2276.539 ; gain = 251.395
INFO: [Common 17-206] Exiting Vivado at Wed Jun 17 00:16:04 2026...
