
*** Running vivado
    with args -log counter7seg_design_ila_0_0.vds -m64 -product Vivado -mode batch -messageDb vivado.pb -notrace -source counter7seg_design_ila_0_0.tcl



****** Vivado v2025.2 (64-bit)
  **** SW Build 6299465 on Fri Nov 14 19:35:11 GMT 2025
  **** IP Build 6300035 on Fri Nov 14 10:48:45 MST 2025
  **** SharedData Build 6298862 on Thu Nov 13 04:50:51 MST 2025
  **** Start of session at: Tue Jun 16 23:32:03 2026
    ** Copyright 1986-2022 Xilinx, Inc. All Rights Reserved.
    ** Copyright 2022-2025 Advanced Micro Devices, Inc. All Rights Reserved.

source counter7seg_design_ila_0_0.tcl -notrace
create_project: Time (s): cpu = 00:00:11 ; elapsed = 00:00:07 . Memory (MB): peak = 563.344 ; gain = 253.258
Command: synth_design -top counter7seg_design_ila_0_0 -part xc7a35ticsg324-1L -incremental_mode off -mode out_of_context
Starting synth_design
Attempting to get a license for feature 'Synthesis' and/or device 'xc7a35ti'
INFO: [Common 17-349] Got license for feature 'Synthesis' and/or device 'xc7a35ti'
INFO: [Device 21-403] Loading part xc7a35ticsg324-1L
INFO: [Synth 8-7079] Multithreading enabled for synth_design using a maximum of 2 processes.
INFO: [Synth 8-7078] Launching helper process for spawning children vivado processes
INFO: [Synth 8-7075] Helper process launched with PID 13936
---------------------------------------------------------------------------------
Starting RTL Elaboration : Time (s): cpu = 00:00:08 ; elapsed = 00:00:09 . Memory (MB): peak = 1327.508 ; gain = 539.570
---------------------------------------------------------------------------------
INFO: [Synth 8-11241] undeclared symbol 'tms_int', assumed default net type 'wire' [f:/Embedded/Vivado/KMA/led7seg/led7seg.gen/sources_1/bd/counter7seg_design/ipshared/0568/hdl/verilog/xsdbm_v3_0_5_bs_core_ext.vh:30]
INFO: [Synth 8-11241] undeclared symbol 'runtest_int', assumed default net type 'wire' [f:/Embedded/Vivado/KMA/led7seg/led7seg.gen/sources_1/bd/counter7seg_design/ipshared/0568/hdl/verilog/xsdbm_v3_0_5_bs_core_ext.vh:32]
INFO: [Synth 8-11241] undeclared symbol 'tms_int', assumed default net type 'wire' [f:/Embedded/Vivado/KMA/led7seg/led7seg.gen/sources_1/bd/counter7seg_design/ipshared/0568/hdl/verilog/xsdbm_v3_0_5_bs_core_ext.vh:69]
INFO: [Synth 8-11241] undeclared symbol 'runtest_int', assumed default net type 'wire' [f:/Embedded/Vivado/KMA/led7seg/led7seg.gen/sources_1/bd/counter7seg_design/ipshared/0568/hdl/verilog/xsdbm_v3_0_5_bs_core_ext.vh:71]
INFO: [Synth 8-11241] undeclared symbol 'tms_int', assumed default net type 'wire' [f:/Embedded/Vivado/KMA/led7seg/led7seg.gen/sources_1/bd/counter7seg_design/ipshared/0568/hdl/verilog/xsdbm_v3_0_5_bs_core_ext.vh:109]
INFO: [Synth 8-11241] undeclared symbol 'runtest_int', assumed default net type 'wire' [f:/Embedded/Vivado/KMA/led7seg/led7seg.gen/sources_1/bd/counter7seg_design/ipshared/0568/hdl/verilog/xsdbm_v3_0_5_bs_core_ext.vh:111]
INFO: [Synth 8-11241] undeclared symbol 'tms_int', assumed default net type 'wire' [f:/Embedded/Vivado/KMA/led7seg/led7seg.gen/sources_1/bd/counter7seg_design/ipshared/0568/hdl/verilog/xsdbm_v3_0_5_bs_core_ext.vh:150]
INFO: [Synth 8-11241] undeclared symbol 'runtest_int', assumed default net type 'wire' [f:/Embedded/Vivado/KMA/led7seg/led7seg.gen/sources_1/bd/counter7seg_design/ipshared/0568/hdl/verilog/xsdbm_v3_0_5_bs_core_ext.vh:152]
INFO: [Synth 8-11241] undeclared symbol 'tms_int', assumed default net type 'wire' [f:/Embedded/Vivado/KMA/led7seg/led7seg.gen/sources_1/bd/counter7seg_design/ipshared/0568/hdl/verilog/xsdbm_v3_0_5_bs_core_ext.vh:192]
INFO: [Synth 8-11241] undeclared symbol 'runtest_int', assumed default net type 'wire' [f:/Embedded/Vivado/KMA/led7seg/led7seg.gen/sources_1/bd/counter7seg_design/ipshared/0568/hdl/verilog/xsdbm_v3_0_5_bs_core_ext.vh:194]
INFO: [Synth 8-11241] undeclared symbol 'tms_int', assumed default net type 'wire' [f:/Embedded/Vivado/KMA/led7seg/led7seg.gen/sources_1/bd/counter7seg_design/ipshared/0568/hdl/verilog/xsdbm_v3_0_5_bs_core_ext.vh:235]
INFO: [Synth 8-11241] undeclared symbol 'runtest_int', assumed default net type 'wire' [f:/Embedded/Vivado/KMA/led7seg/led7seg.gen/sources_1/bd/counter7seg_design/ipshared/0568/hdl/verilog/xsdbm_v3_0_5_bs_core_ext.vh:237]
INFO: [Synth 8-11241] undeclared symbol 'tms_int', assumed default net type 'wire' [f:/Embedded/Vivado/KMA/led7seg/led7seg.gen/sources_1/bd/counter7seg_design/ipshared/0568/hdl/verilog/xsdbm_v3_0_5_bs_core_ext.vh:279]
INFO: [Synth 8-11241] undeclared symbol 'runtest_int', assumed default net type 'wire' [f:/Embedded/Vivado/KMA/led7seg/led7seg.gen/sources_1/bd/counter7seg_design/ipshared/0568/hdl/verilog/xsdbm_v3_0_5_bs_core_ext.vh:281]
INFO: [Synth 8-11241] undeclared symbol 'tms_int', assumed default net type 'wire' [f:/Embedded/Vivado/KMA/led7seg/led7seg.gen/sources_1/bd/counter7seg_design/ipshared/0568/hdl/verilog/xsdbm_v3_0_5_bs_core_ext.vh:324]
INFO: [Synth 8-11241] undeclared symbol 'runtest_int', assumed default net type 'wire' [f:/Embedded/Vivado/KMA/led7seg/led7seg.gen/sources_1/bd/counter7seg_design/ipshared/0568/hdl/verilog/xsdbm_v3_0_5_bs_core_ext.vh:326]
INFO: [Synth 8-11241] undeclared symbol 'tms_int', assumed default net type 'wire' [f:/Embedded/Vivado/KMA/led7seg/led7seg.gen/sources_1/bd/counter7seg_design/ipshared/0568/hdl/verilog/xsdbm_v3_0_5_bs_core_ext.vh:370]
INFO: [Synth 8-11241] undeclared symbol 'runtest_int', assumed default net type 'wire' [f:/Embedded/Vivado/KMA/led7seg/led7seg.gen/sources_1/bd/counter7seg_design/ipshared/0568/hdl/verilog/xsdbm_v3_0_5_bs_core_ext.vh:372]
INFO: [Synth 8-11241] undeclared symbol 'tms_int', assumed default net type 'wire' [f:/Embedded/Vivado/KMA/led7seg/led7seg.gen/sources_1/bd/counter7seg_design/ipshared/0568/hdl/verilog/xsdbm_v3_0_5_bs_core_ext.vh:417]
INFO: [Synth 8-11241] undeclared symbol 'runtest_int', assumed default net type 'wire' [f:/Embedded/Vivado/KMA/led7seg/led7seg.gen/sources_1/bd/counter7seg_design/ipshared/0568/hdl/verilog/xsdbm_v3_0_5_bs_core_ext.vh:419]
INFO: [Synth 8-11241] undeclared symbol 'tms_int', assumed default net type 'wire' [f:/Embedded/Vivado/KMA/led7seg/led7seg.gen/sources_1/bd/counter7seg_design/ipshared/0568/hdl/verilog/xsdbm_v3_0_5_bs_core_ext.vh:465]
INFO: [Synth 8-11241] undeclared symbol 'runtest_int', assumed default net type 'wire' [f:/Embedded/Vivado/KMA/led7seg/led7seg.gen/sources_1/bd/counter7seg_design/ipshared/0568/hdl/verilog/xsdbm_v3_0_5_bs_core_ext.vh:467]
INFO: [Synth 8-11241] undeclared symbol 'tms_int', assumed default net type 'wire' [f:/Embedded/Vivado/KMA/led7seg/led7seg.gen/sources_1/bd/counter7seg_design/ipshared/0568/hdl/verilog/xsdbm_v3_0_5_bs_core_ext.vh:514]
INFO: [Synth 8-11241] undeclared symbol 'runtest_int', assumed default net type 'wire' [f:/Embedded/Vivado/KMA/led7seg/led7seg.gen/sources_1/bd/counter7seg_design/ipshared/0568/hdl/verilog/xsdbm_v3_0_5_bs_core_ext.vh:516]
INFO: [Synth 8-11241] undeclared symbol 'tms_int', assumed default net type 'wire' [f:/Embedded/Vivado/KMA/led7seg/led7seg.gen/sources_1/bd/counter7seg_design/ipshared/0568/hdl/verilog/xsdbm_v3_0_5_bs_core_ext.vh:564]
INFO: [Synth 8-11241] undeclared symbol 'runtest_int', assumed default net type 'wire' [f:/Embedded/Vivado/KMA/led7seg/led7seg.gen/sources_1/bd/counter7seg_design/ipshared/0568/hdl/verilog/xsdbm_v3_0_5_bs_core_ext.vh:566]
INFO: [Synth 8-11241] undeclared symbol 'tms_int', assumed default net type 'wire' [f:/Embedded/Vivado/KMA/led7seg/led7seg.gen/sources_1/bd/counter7seg_design/ipshared/0568/hdl/verilog/xsdbm_v3_0_5_bs_core_ext.vh:615]
INFO: [Synth 8-11241] undeclared symbol 'runtest_int', assumed default net type 'wire' [f:/Embedded/Vivado/KMA/led7seg/led7seg.gen/sources_1/bd/counter7seg_design/ipshared/0568/hdl/verilog/xsdbm_v3_0_5_bs_core_ext.vh:617]
INFO: [Synth 8-11241] undeclared symbol 'tms_int', assumed default net type 'wire' [f:/Embedded/Vivado/KMA/led7seg/led7seg.gen/sources_1/bd/counter7seg_design/ipshared/0568/hdl/verilog/xsdbm_v3_0_5_bs_core.vh:30]
INFO: [Synth 8-11241] undeclared symbol 'runtest_int', assumed default net type 'wire' [f:/Embedded/Vivado/KMA/led7seg/led7seg.gen/sources_1/bd/counter7seg_design/ipshared/0568/hdl/verilog/xsdbm_v3_0_5_bs_core.vh:32]
INFO: [Synth 8-11241] undeclared symbol 'tms_int', assumed default net type 'wire' [f:/Embedded/Vivado/KMA/led7seg/led7seg.gen/sources_1/bd/counter7seg_design/ipshared/0568/hdl/verilog/xsdbm_v3_0_5_bs_core.vh:69]
INFO: [Synth 8-11241] undeclared symbol 'runtest_int', assumed default net type 'wire' [f:/Embedded/Vivado/KMA/led7seg/led7seg.gen/sources_1/bd/counter7seg_design/ipshared/0568/hdl/verilog/xsdbm_v3_0_5_bs_core.vh:71]
INFO: [Synth 8-11241] undeclared symbol 'tms_int', assumed default net type 'wire' [f:/Embedded/Vivado/KMA/led7seg/led7seg.gen/sources_1/bd/counter7seg_design/ipshared/0568/hdl/verilog/xsdbm_v3_0_5_bs_core.vh:109]
INFO: [Synth 8-11241] undeclared symbol 'runtest_int', assumed default net type 'wire' [f:/Embedded/Vivado/KMA/led7seg/led7seg.gen/sources_1/bd/counter7seg_design/ipshared/0568/hdl/verilog/xsdbm_v3_0_5_bs_core.vh:111]
INFO: [Synth 8-11241] undeclared symbol 'tms_int', assumed default net type 'wire' [f:/Embedded/Vivado/KMA/led7seg/led7seg.gen/sources_1/bd/counter7seg_design/ipshared/0568/hdl/verilog/xsdbm_v3_0_5_bs_core.vh:150]
INFO: [Synth 8-11241] undeclared symbol 'runtest_int', assumed default net type 'wire' [f:/Embedded/Vivado/KMA/led7seg/led7seg.gen/sources_1/bd/counter7seg_design/ipshared/0568/hdl/verilog/xsdbm_v3_0_5_bs_core.vh:152]
INFO: [Synth 8-11241] undeclared symbol 'tms_int', assumed default net type 'wire' [f:/Embedded/Vivado/KMA/led7seg/led7seg.gen/sources_1/bd/counter7seg_design/ipshared/0568/hdl/verilog/xsdbm_v3_0_5_bs_core.vh:192]
INFO: [Synth 8-11241] undeclared symbol 'runtest_int', assumed default net type 'wire' [f:/Embedded/Vivado/KMA/led7seg/led7seg.gen/sources_1/bd/counter7seg_design/ipshared/0568/hdl/verilog/xsdbm_v3_0_5_bs_core.vh:194]
INFO: [Synth 8-11241] undeclared symbol 'tms_int', assumed default net type 'wire' [f:/Embedded/Vivado/KMA/led7seg/led7seg.gen/sources_1/bd/counter7seg_design/ipshared/0568/hdl/verilog/xsdbm_v3_0_5_bs_core.vh:235]
INFO: [Synth 8-11241] undeclared symbol 'runtest_int', assumed default net type 'wire' [f:/Embedded/Vivado/KMA/led7seg/led7seg.gen/sources_1/bd/counter7seg_design/ipshared/0568/hdl/verilog/xsdbm_v3_0_5_bs_core.vh:237]
INFO: [Synth 8-11241] undeclared symbol 'tms_int', assumed default net type 'wire' [f:/Embedded/Vivado/KMA/led7seg/led7seg.gen/sources_1/bd/counter7seg_design/ipshared/0568/hdl/verilog/xsdbm_v3_0_5_bs_core.vh:279]
INFO: [Synth 8-11241] undeclared symbol 'runtest_int', assumed default net type 'wire' [f:/Embedded/Vivado/KMA/led7seg/led7seg.gen/sources_1/bd/counter7seg_design/ipshared/0568/hdl/verilog/xsdbm_v3_0_5_bs_core.vh:281]
INFO: [Synth 8-11241] undeclared symbol 'tms_int', assumed default net type 'wire' [f:/Embedded/Vivado/KMA/led7seg/led7seg.gen/sources_1/bd/counter7seg_design/ipshared/0568/hdl/verilog/xsdbm_v3_0_5_bs_core.vh:324]
INFO: [Synth 8-11241] undeclared symbol 'runtest_int', assumed default net type 'wire' [f:/Embedded/Vivado/KMA/led7seg/led7seg.gen/sources_1/bd/counter7seg_design/ipshared/0568/hdl/verilog/xsdbm_v3_0_5_bs_core.vh:326]
INFO: [Synth 8-11241] undeclared symbol 'tms_int', assumed default net type 'wire' [f:/Embedded/Vivado/KMA/led7seg/led7seg.gen/sources_1/bd/counter7seg_design/ipshared/0568/hdl/verilog/xsdbm_v3_0_5_bs_core.vh:370]
INFO: [Synth 8-11241] undeclared symbol 'runtest_int', assumed default net type 'wire' [f:/Embedded/Vivado/KMA/led7seg/led7seg.gen/sources_1/bd/counter7seg_design/ipshared/0568/hdl/verilog/xsdbm_v3_0_5_bs_core.vh:372]
INFO: [Synth 8-11241] undeclared symbol 'tms_int', assumed default net type 'wire' [f:/Embedded/Vivado/KMA/led7seg/led7seg.gen/sources_1/bd/counter7seg_design/ipshared/0568/hdl/verilog/xsdbm_v3_0_5_bs_core.vh:417]
INFO: [Synth 8-11241] undeclared symbol 'runtest_int', assumed default net type 'wire' [f:/Embedded/Vivado/KMA/led7seg/led7seg.gen/sources_1/bd/counter7seg_design/ipshared/0568/hdl/verilog/xsdbm_v3_0_5_bs_core.vh:419]
INFO: [Synth 8-11241] undeclared symbol 'tms_int', assumed default net type 'wire' [f:/Embedded/Vivado/KMA/led7seg/led7seg.gen/sources_1/bd/counter7seg_design/ipshared/0568/hdl/verilog/xsdbm_v3_0_5_bs_core.vh:465]
INFO: [Synth 8-11241] undeclared symbol 'runtest_int', assumed default net type 'wire' [f:/Embedded/Vivado/KMA/led7seg/led7seg.gen/sources_1/bd/counter7seg_design/ipshared/0568/hdl/verilog/xsdbm_v3_0_5_bs_core.vh:467]
INFO: [Synth 8-11241] undeclared symbol 'tms_int', assumed default net type 'wire' [f:/Embedded/Vivado/KMA/led7seg/led7seg.gen/sources_1/bd/counter7seg_design/ipshared/0568/hdl/verilog/xsdbm_v3_0_5_bs_core.vh:514]
INFO: [Synth 8-11241] undeclared symbol 'runtest_int', assumed default net type 'wire' [f:/Embedded/Vivado/KMA/led7seg/led7seg.gen/sources_1/bd/counter7seg_design/ipshared/0568/hdl/verilog/xsdbm_v3_0_5_bs_core.vh:516]
INFO: [Synth 8-11241] undeclared symbol 'tms_int', assumed default net type 'wire' [f:/Embedded/Vivado/KMA/led7seg/led7seg.gen/sources_1/bd/counter7seg_design/ipshared/0568/hdl/verilog/xsdbm_v3_0_5_bs_core.vh:564]
INFO: [Synth 8-11241] undeclared symbol 'runtest_int', assumed default net type 'wire' [f:/Embedded/Vivado/KMA/led7seg/led7seg.gen/sources_1/bd/counter7seg_design/ipshared/0568/hdl/verilog/xsdbm_v3_0_5_bs_core.vh:566]
INFO: [Synth 8-11241] undeclared symbol 'tms_int', assumed default net type 'wire' [f:/Embedded/Vivado/KMA/led7seg/led7seg.gen/sources_1/bd/counter7seg_design/ipshared/0568/hdl/verilog/xsdbm_v3_0_5_bs_core.vh:615]
INFO: [Synth 8-11241] undeclared symbol 'runtest_int', assumed default net type 'wire' [f:/Embedded/Vivado/KMA/led7seg/led7seg.gen/sources_1/bd/counter7seg_design/ipshared/0568/hdl/verilog/xsdbm_v3_0_5_bs_core.vh:617]
INFO: [Synth 8-11241] undeclared symbol 'tms_int', assumed default net type 'wire' [f:/Embedded/Vivado/KMA/led7seg/led7seg.gen/sources_1/bd/counter7seg_design/ipshared/0568/hdl/verilog/xsdbm_v3_0_5_bs_core_vec.vh:30]
INFO: [Synth 8-11241] undeclared symbol 'runtest_int', assumed default net type 'wire' [f:/Embedded/Vivado/KMA/led7seg/led7seg.gen/sources_1/bd/counter7seg_design/ipshared/0568/hdl/verilog/xsdbm_v3_0_5_bs_core_vec.vh:32]
INFO: [Synth 8-11241] undeclared symbol 'tms_int', assumed default net type 'wire' [f:/Embedded/Vivado/KMA/led7seg/led7seg.gen/sources_1/bd/counter7seg_design/ipshared/0568/hdl/verilog/xsdbm_v3_0_5_bs_core_vec.vh:65]
INFO: [Synth 8-11241] undeclared symbol 'runtest_int', assumed default net type 'wire' [f:/Embedded/Vivado/KMA/led7seg/led7seg.gen/sources_1/bd/counter7seg_design/ipshared/0568/hdl/verilog/xsdbm_v3_0_5_bs_core_vec.vh:67]
INFO: [Synth 8-11241] undeclared symbol 'tms_int', assumed default net type 'wire' [f:/Embedded/Vivado/KMA/led7seg/led7seg.gen/sources_1/bd/counter7seg_design/ipshared/0568/hdl/verilog/xsdbm_v3_0_5_bs_core_vec.vh:100]
INFO: [Synth 8-11241] undeclared symbol 'runtest_int', assumed default net type 'wire' [f:/Embedded/Vivado/KMA/led7seg/led7seg.gen/sources_1/bd/counter7seg_design/ipshared/0568/hdl/verilog/xsdbm_v3_0_5_bs_core_vec.vh:102]
INFO: [Synth 8-11241] undeclared symbol 'tms_int', assumed default net type 'wire' [f:/Embedded/Vivado/KMA/led7seg/led7seg.gen/sources_1/bd/counter7seg_design/ipshared/0568/hdl/verilog/xsdbm_v3_0_5_bs_core_vec.vh:135]
INFO: [Synth 8-11241] undeclared symbol 'runtest_int', assumed default net type 'wire' [f:/Embedded/Vivado/KMA/led7seg/led7seg.gen/sources_1/bd/counter7seg_design/ipshared/0568/hdl/verilog/xsdbm_v3_0_5_bs_core_vec.vh:137]
INFO: [Synth 8-11241] undeclared symbol 'tms_int', assumed default net type 'wire' [f:/Embedded/Vivado/KMA/led7seg/led7seg.gen/sources_1/bd/counter7seg_design/ipshared/0568/hdl/verilog/xsdbm_v3_0_5_bs_core_vec.vh:170]
INFO: [Synth 8-11241] undeclared symbol 'runtest_int', assumed default net type 'wire' [f:/Embedded/Vivado/KMA/led7seg/led7seg.gen/sources_1/bd/counter7seg_design/ipshared/0568/hdl/verilog/xsdbm_v3_0_5_bs_core_vec.vh:172]
INFO: [Synth 8-11241] undeclared symbol 'tms_int', assumed default net type 'wire' [f:/Embedded/Vivado/KMA/led7seg/led7seg.gen/sources_1/bd/counter7seg_design/ipshared/0568/hdl/verilog/xsdbm_v3_0_5_bs_core_vec.vh:205]
INFO: [Synth 8-11241] undeclared symbol 'runtest_int', assumed default net type 'wire' [f:/Embedded/Vivado/KMA/led7seg/led7seg.gen/sources_1/bd/counter7seg_design/ipshared/0568/hdl/verilog/xsdbm_v3_0_5_bs_core_vec.vh:207]
INFO: [Synth 8-11241] undeclared symbol 'tms_int', assumed default net type 'wire' [f:/Embedded/Vivado/KMA/led7seg/led7seg.gen/sources_1/bd/counter7seg_design/ipshared/0568/hdl/verilog/xsdbm_v3_0_5_bs_core_vec.vh:240]
INFO: [Synth 8-11241] undeclared symbol 'runtest_int', assumed default net type 'wire' [f:/Embedded/Vivado/KMA/led7seg/led7seg.gen/sources_1/bd/counter7seg_design/ipshared/0568/hdl/verilog/xsdbm_v3_0_5_bs_core_vec.vh:242]
INFO: [Synth 8-11241] undeclared symbol 'tms_int', assumed default net type 'wire' [f:/Embedded/Vivado/KMA/led7seg/led7seg.gen/sources_1/bd/counter7seg_design/ipshared/0568/hdl/verilog/xsdbm_v3_0_5_bs_core_vec.vh:275]
INFO: [Synth 8-11241] undeclared symbol 'runtest_int', assumed default net type 'wire' [f:/Embedded/Vivado/KMA/led7seg/led7seg.gen/sources_1/bd/counter7seg_design/ipshared/0568/hdl/verilog/xsdbm_v3_0_5_bs_core_vec.vh:277]
INFO: [Synth 8-11241] undeclared symbol 'tms_int', assumed default net type 'wire' [f:/Embedded/Vivado/KMA/led7seg/led7seg.gen/sources_1/bd/counter7seg_design/ipshared/0568/hdl/verilog/xsdbm_v3_0_5_bs_core_vec.vh:310]
INFO: [Synth 8-11241] undeclared symbol 'runtest_int', assumed default net type 'wire' [f:/Embedded/Vivado/KMA/led7seg/led7seg.gen/sources_1/bd/counter7seg_design/ipshared/0568/hdl/verilog/xsdbm_v3_0_5_bs_core_vec.vh:312]
INFO: [Synth 8-11241] undeclared symbol 'tms_int', assumed default net type 'wire' [f:/Embedded/Vivado/KMA/led7seg/led7seg.gen/sources_1/bd/counter7seg_design/ipshared/0568/hdl/verilog/xsdbm_v3_0_5_bs_core_vec.vh:345]
INFO: [Synth 8-11241] undeclared symbol 'runtest_int', assumed default net type 'wire' [f:/Embedded/Vivado/KMA/led7seg/led7seg.gen/sources_1/bd/counter7seg_design/ipshared/0568/hdl/verilog/xsdbm_v3_0_5_bs_core_vec.vh:347]
INFO: [Synth 8-11241] undeclared symbol 'tms_int', assumed default net type 'wire' [f:/Embedded/Vivado/KMA/led7seg/led7seg.gen/sources_1/bd/counter7seg_design/ipshared/0568/hdl/verilog/xsdbm_v3_0_5_bs_core_vec.vh:380]
INFO: [Synth 8-11241] undeclared symbol 'runtest_int', assumed default net type 'wire' [f:/Embedded/Vivado/KMA/led7seg/led7seg.gen/sources_1/bd/counter7seg_design/ipshared/0568/hdl/verilog/xsdbm_v3_0_5_bs_core_vec.vh:382]
INFO: [Synth 8-11241] undeclared symbol 'tms_int', assumed default net type 'wire' [f:/Embedded/Vivado/KMA/led7seg/led7seg.gen/sources_1/bd/counter7seg_design/ipshared/0568/hdl/verilog/xsdbm_v3_0_5_bs_core_vec.vh:415]
INFO: [Synth 8-11241] undeclared symbol 'runtest_int', assumed default net type 'wire' [f:/Embedded/Vivado/KMA/led7seg/led7seg.gen/sources_1/bd/counter7seg_design/ipshared/0568/hdl/verilog/xsdbm_v3_0_5_bs_core_vec.vh:417]
INFO: [Synth 8-11241] undeclared symbol 'tms_int', assumed default net type 'wire' [f:/Embedded/Vivado/KMA/led7seg/led7seg.gen/sources_1/bd/counter7seg_design/ipshared/0568/hdl/verilog/xsdbm_v3_0_5_bs_core_vec.vh:450]
INFO: [Synth 8-11241] undeclared symbol 'runtest_int', assumed default net type 'wire' [f:/Embedded/Vivado/KMA/led7seg/led7seg.gen/sources_1/bd/counter7seg_design/ipshared/0568/hdl/verilog/xsdbm_v3_0_5_bs_core_vec.vh:452]
INFO: [Synth 8-11241] undeclared symbol 'tms_int', assumed default net type 'wire' [f:/Embedded/Vivado/KMA/led7seg/led7seg.gen/sources_1/bd/counter7seg_design/ipshared/0568/hdl/verilog/xsdbm_v3_0_5_bs_core_vec.vh:485]
INFO: [Synth 8-11241] undeclared symbol 'runtest_int', assumed default net type 'wire' [f:/Embedded/Vivado/KMA/led7seg/led7seg.gen/sources_1/bd/counter7seg_design/ipshared/0568/hdl/verilog/xsdbm_v3_0_5_bs_core_vec.vh:487]
INFO: [Synth 8-11241] undeclared symbol 'tms_int', assumed default net type 'wire' [f:/Embedded/Vivado/KMA/led7seg/led7seg.gen/sources_1/bd/counter7seg_design/ipshared/0568/hdl/verilog/xsdbm_v3_0_5_bs_core_vec.vh:30]
INFO: [Synth 8-11241] undeclared symbol 'runtest_int', assumed default net type 'wire' [f:/Embedded/Vivado/KMA/led7seg/led7seg.gen/sources_1/bd/counter7seg_design/ipshared/0568/hdl/verilog/xsdbm_v3_0_5_bs_core_vec.vh:32]
INFO: [Synth 8-11241] undeclared symbol 'tms_int', assumed default net type 'wire' [f:/Embedded/Vivado/KMA/led7seg/led7seg.gen/sources_1/bd/counter7seg_design/ipshared/0568/hdl/verilog/xsdbm_v3_0_5_bs_core_vec.vh:65]
INFO: [Synth 8-11241] undeclared symbol 'runtest_int', assumed default net type 'wire' [f:/Embedded/Vivado/KMA/led7seg/led7seg.gen/sources_1/bd/counter7seg_design/ipshared/0568/hdl/verilog/xsdbm_v3_0_5_bs_core_vec.vh:67]
INFO: [Synth 8-11241] undeclared symbol 'tms_int', assumed default net type 'wire' [f:/Embedded/Vivado/KMA/led7seg/led7seg.gen/sources_1/bd/counter7seg_design/ipshared/0568/hdl/verilog/xsdbm_v3_0_5_bs_core_vec.vh:100]
INFO: [Synth 8-11241] undeclared symbol 'runtest_int', assumed default net type 'wire' [f:/Embedded/Vivado/KMA/led7seg/led7seg.gen/sources_1/bd/counter7seg_design/ipshared/0568/hdl/verilog/xsdbm_v3_0_5_bs_core_vec.vh:102]
INFO: [Synth 8-11241] undeclared symbol 'tms_int', assumed default net type 'wire' [f:/Embedded/Vivado/KMA/led7seg/led7seg.gen/sources_1/bd/counter7seg_design/ipshared/0568/hdl/verilog/xsdbm_v3_0_5_bs_core_vec.vh:135]
INFO: [Synth 8-11241] undeclared symbol 'runtest_int', assumed default net type 'wire' [f:/Embedded/Vivado/KMA/led7seg/led7seg.gen/sources_1/bd/counter7seg_design/ipshared/0568/hdl/verilog/xsdbm_v3_0_5_bs_core_vec.vh:137]
INFO: [Synth 8-11241] undeclared symbol 'tms_int', assumed default net type 'wire' [f:/Embedded/Vivado/KMA/led7seg/led7seg.gen/sources_1/bd/counter7seg_design/ipshared/0568/hdl/verilog/xsdbm_v3_0_5_bs_core_vec.vh:170]
INFO: [Synth 8-11241] undeclared symbol 'runtest_int', assumed default net type 'wire' [f:/Embedded/Vivado/KMA/led7seg/led7seg.gen/sources_1/bd/counter7seg_design/ipshared/0568/hdl/verilog/xsdbm_v3_0_5_bs_core_vec.vh:172]
INFO: [Synth 8-11241] undeclared symbol 'tms_int', assumed default net type 'wire' [f:/Embedded/Vivado/KMA/led7seg/led7seg.gen/sources_1/bd/counter7seg_design/ipshared/0568/hdl/verilog/xsdbm_v3_0_5_bs_core_vec.vh:205]
INFO: [Synth 8-11241] undeclared symbol 'runtest_int', assumed default net type 'wire' [f:/Embedded/Vivado/KMA/led7seg/led7seg.gen/sources_1/bd/counter7seg_design/ipshared/0568/hdl/verilog/xsdbm_v3_0_5_bs_core_vec.vh:207]
INFO: [Synth 8-11241] undeclared symbol 'tms_int', assumed default net type 'wire' [f:/Embedded/Vivado/KMA/led7seg/led7seg.gen/sources_1/bd/counter7seg_design/ipshared/0568/hdl/verilog/xsdbm_v3_0_5_bs_core_vec.vh:240]
INFO: [Synth 8-11241] undeclared symbol 'runtest_int', assumed default net type 'wire' [f:/Embedded/Vivado/KMA/led7seg/led7seg.gen/sources_1/bd/counter7seg_design/ipshared/0568/hdl/verilog/xsdbm_v3_0_5_bs_core_vec.vh:242]
INFO: [Synth 8-11241] undeclared symbol 'tms_int', assumed default net type 'wire' [f:/Embedded/Vivado/KMA/led7seg/led7seg.gen/sources_1/bd/counter7seg_design/ipshared/0568/hdl/verilog/xsdbm_v3_0_5_bs_core_vec.vh:275]
INFO: [Synth 8-11241] undeclared symbol 'runtest_int', assumed default net type 'wire' [f:/Embedded/Vivado/KMA/led7seg/led7seg.gen/sources_1/bd/counter7seg_design/ipshared/0568/hdl/verilog/xsdbm_v3_0_5_bs_core_vec.vh:277]
INFO: [Common 17-14] Message 'Synth 8-11241' appears 100 times and further instances of the messages will be disabled. Use the Tcl command set_msg_config to change the current settings.
INFO: [Synth 8-6157] synthesizing module 'counter7seg_design_ila_0_0' [f:/Embedded/Vivado/KMA/led7seg/led7seg.gen/sources_1/bd/counter7seg_design/ip/counter7seg_design_ila_0_0/synth/counter7seg_design_ila_0_0.v:48]
INFO: [Synth 8-6157] synthesizing module 'CFGLUT5' [F:/Program/Vivado/2025.2/Vivado/scripts/rt/data/unisim_comp.v:3131]
INFO: [Synth 8-6155] done synthesizing module 'CFGLUT5' (0#1) [F:/Program/Vivado/2025.2/Vivado/scripts/rt/data/unisim_comp.v:3131]
INFO: [Synth 8-6157] synthesizing module 'CARRY4' [F:/Program/Vivado/2025.2/Vivado/scripts/rt/data/unisim_comp.v:3094]
INFO: [Synth 8-6155] done synthesizing module 'CARRY4' (0#1) [F:/Program/Vivado/2025.2/Vivado/scripts/rt/data/unisim_comp.v:3094]
INFO: [Synth 8-6157] synthesizing module 'SRLC32E' [F:/Program/Vivado/2025.2/Vivado/scripts/rt/data/unisim_comp.v:165484]
INFO: [Synth 8-6155] done synthesizing module 'SRLC32E' (0#1) [F:/Program/Vivado/2025.2/Vivado/scripts/rt/data/unisim_comp.v:165484]
INFO: [Synth 8-6157] synthesizing module 'SRL16E' [F:/Program/Vivado/2025.2/Vivado/scripts/rt/data/unisim_comp.v:165334]
INFO: [Synth 8-6155] done synthesizing module 'SRL16E' (0#1) [F:/Program/Vivado/2025.2/Vivado/scripts/rt/data/unisim_comp.v:165334]
INFO: [Synth 8-6157] synthesizing module 'SRLC16E' [F:/Program/Vivado/2025.2/Vivado/scripts/rt/data/unisim_comp.v:165423]
INFO: [Synth 8-6155] done synthesizing module 'SRLC16E' (0#1) [F:/Program/Vivado/2025.2/Vivado/scripts/rt/data/unisim_comp.v:165423]
INFO: [Synth 8-6157] synthesizing module 'FDRE' [F:/Program/Vivado/2025.2/Vivado/scripts/rt/data/unisim_comp.v:49396]
INFO: [Synth 8-6155] done synthesizing module 'FDRE' (0#1) [F:/Program/Vivado/2025.2/Vivado/scripts/rt/data/unisim_comp.v:49396]
INFO: [Synth 8-7071] port 'clk_nobuf' of module 'ila_v6_2_19_ila' is unconnected for instance 'inst' [f:/Embedded/Vivado/KMA/led7seg/led7seg.gen/sources_1/bd/counter7seg_design/ip/counter7seg_design_ila_0_0/synth/counter7seg_design_ila_0_0.v:3225]
INFO: [Synth 8-7071] port 'clkdiv_out' of module 'ila_v6_2_19_ila' is unconnected for instance 'inst' [f:/Embedded/Vivado/KMA/led7seg/led7seg.gen/sources_1/bd/counter7seg_design/ip/counter7seg_design_ila_0_0/synth/counter7seg_design_ila_0_0.v:3225]
INFO: [Synth 8-7071] port 'trig_in' of module 'ila_v6_2_19_ila' is unconnected for instance 'inst' [f:/Embedded/Vivado/KMA/led7seg/led7seg.gen/sources_1/bd/counter7seg_design/ip/counter7seg_design_ila_0_0/synth/counter7seg_design_ila_0_0.v:3225]
INFO: [Synth 8-7071] port 'trig_in_ack' of module 'ila_v6_2_19_ila' is unconnected for instance 'inst' [f:/Embedded/Vivado/KMA/led7seg/led7seg.gen/sources_1/bd/counter7seg_design/ip/counter7seg_design_ila_0_0/synth/counter7seg_design_ila_0_0.v:3225]
INFO: [Synth 8-7071] port 'trig_out' of module 'ila_v6_2_19_ila' is unconnected for instance 'inst' [f:/Embedded/Vivado/KMA/led7seg/led7seg.gen/sources_1/bd/counter7seg_design/ip/counter7seg_design_ila_0_0/synth/counter7seg_design_ila_0_0.v:3225]
INFO: [Synth 8-7071] port 'trig_out_ack' of module 'ila_v6_2_19_ila' is unconnected for instance 'inst' [f:/Embedded/Vivado/KMA/led7seg/led7seg.gen/sources_1/bd/counter7seg_design/ip/counter7seg_design_ila_0_0/synth/counter7seg_design_ila_0_0.v:3225]
INFO: [Synth 8-7023] instance 'inst' of module 'ila_v6_2_19_ila' has 1033 connections declared, but only 1027 given [f:/Embedded/Vivado/KMA/led7seg/led7seg.gen/sources_1/bd/counter7seg_design/ip/counter7seg_design_ila_0_0/synth/counter7seg_design_ila_0_0.v:3225]
INFO: [Synth 8-6155] done synthesizing module 'counter7seg_design_ila_0_0' (0#1) [f:/Embedded/Vivado/KMA/led7seg/led7seg.gen/sources_1/bd/counter7seg_design/ip/counter7seg_design_ila_0_0/synth/counter7seg_design_ila_0_0.v:48]
INFO: [Synth 8-3848] Net sl_iport0 in module/entity counter7seg_design_ila_0_0 does not have driver. [f:/Embedded/Vivado/KMA/led7seg/led7seg.gen/sources_1/bd/counter7seg_design/ip/counter7seg_design_ila_0_0/synth/counter7seg_design_ila_0_0.v:114]
INFO: [Synth 8-7129] Port SEL_I[0] in module ltlib_v1_0_3_generic_mux is either unconnected or has no load
INFO: [Synth 8-7129] Port CLKB in module blk_mem_gen_v8_4_12_blk_mem_output_block is either unconnected or has no load
INFO: [Synth 8-7129] Port DOUTA_I[9] in module blk_mem_gen_v8_4_12_blk_mem_output_block is either unconnected or has no load
INFO: [Synth 8-7129] Port DOUTA_I[8] in module blk_mem_gen_v8_4_12_blk_mem_output_block is either unconnected or has no load
INFO: [Synth 8-7129] Port DOUTA_I[7] in module blk_mem_gen_v8_4_12_blk_mem_output_block is either unconnected or has no load
INFO: [Synth 8-7129] Port DOUTA_I[6] in module blk_mem_gen_v8_4_12_blk_mem_output_block is either unconnected or has no load
INFO: [Synth 8-7129] Port DOUTA_I[5] in module blk_mem_gen_v8_4_12_blk_mem_output_block is either unconnected or has no load
INFO: [Synth 8-7129] Port DOUTA_I[4] in module blk_mem_gen_v8_4_12_blk_mem_output_block is either unconnected or has no load
INFO: [Synth 8-7129] Port DOUTA_I[3] in module blk_mem_gen_v8_4_12_blk_mem_output_block is either unconnected or has no load
INFO: [Synth 8-7129] Port DOUTA_I[2] in module blk_mem_gen_v8_4_12_blk_mem_output_block is either unconnected or has no load
INFO: [Synth 8-7129] Port DOUTA_I[1] in module blk_mem_gen_v8_4_12_blk_mem_output_block is either unconnected or has no load
INFO: [Synth 8-7129] Port DOUTA_I[0] in module blk_mem_gen_v8_4_12_blk_mem_output_block is either unconnected or has no load
INFO: [Synth 8-7129] Port SBITERR_I in module blk_mem_gen_v8_4_12_blk_mem_output_block is either unconnected or has no load
INFO: [Synth 8-7129] Port DBITERR_I in module blk_mem_gen_v8_4_12_blk_mem_output_block is either unconnected or has no load
INFO: [Synth 8-7129] Port RDADDRECC_I[9] in module blk_mem_gen_v8_4_12_blk_mem_output_block is either unconnected or has no load
INFO: [Synth 8-7129] Port RDADDRECC_I[8] in module blk_mem_gen_v8_4_12_blk_mem_output_block is either unconnected or has no load
INFO: [Synth 8-7129] Port RDADDRECC_I[7] in module blk_mem_gen_v8_4_12_blk_mem_output_block is either unconnected or has no load
INFO: [Synth 8-7129] Port RDADDRECC_I[6] in module blk_mem_gen_v8_4_12_blk_mem_output_block is either unconnected or has no load
INFO: [Synth 8-7129] Port RDADDRECC_I[5] in module blk_mem_gen_v8_4_12_blk_mem_output_block is either unconnected or has no load
INFO: [Synth 8-7129] Port RDADDRECC_I[4] in module blk_mem_gen_v8_4_12_blk_mem_output_block is either unconnected or has no load
INFO: [Synth 8-7129] Port RDADDRECC_I[3] in module blk_mem_gen_v8_4_12_blk_mem_output_block is either unconnected or has no load
INFO: [Synth 8-7129] Port RDADDRECC_I[2] in module blk_mem_gen_v8_4_12_blk_mem_output_block is either unconnected or has no load
INFO: [Synth 8-7129] Port RDADDRECC_I[1] in module blk_mem_gen_v8_4_12_blk_mem_output_block is either unconnected or has no load
INFO: [Synth 8-7129] Port RDADDRECC_I[0] in module blk_mem_gen_v8_4_12_blk_mem_output_block is either unconnected or has no load
INFO: [Synth 8-7129] Port DOUTA[17] in module blk_mem_gen_v8_4_12_blk_mem_gen_prim_wrapper is either unconnected or has no load
INFO: [Synth 8-7129] Port DOUTA[16] in module blk_mem_gen_v8_4_12_blk_mem_gen_prim_wrapper is either unconnected or has no load
INFO: [Synth 8-7129] Port DOUTA[15] in module blk_mem_gen_v8_4_12_blk_mem_gen_prim_wrapper is either unconnected or has no load
INFO: [Synth 8-7129] Port DOUTA[14] in module blk_mem_gen_v8_4_12_blk_mem_gen_prim_wrapper is either unconnected or has no load
INFO: [Synth 8-7129] Port DOUTA[13] in module blk_mem_gen_v8_4_12_blk_mem_gen_prim_wrapper is either unconnected or has no load
INFO: [Synth 8-7129] Port DOUTA[12] in module blk_mem_gen_v8_4_12_blk_mem_gen_prim_wrapper is either unconnected or has no load
INFO: [Synth 8-7129] Port DOUTA[11] in module blk_mem_gen_v8_4_12_blk_mem_gen_prim_wrapper is either unconnected or has no load
INFO: [Synth 8-7129] Port DOUTA[10] in module blk_mem_gen_v8_4_12_blk_mem_gen_prim_wrapper is either unconnected or has no load
INFO: [Synth 8-7129] Port DOUTA[9] in module blk_mem_gen_v8_4_12_blk_mem_gen_prim_wrapper is either unconnected or has no load
INFO: [Synth 8-7129] Port DOUTA[8] in module blk_mem_gen_v8_4_12_blk_mem_gen_prim_wrapper is either unconnected or has no load
INFO: [Synth 8-7129] Port DOUTA[7] in module blk_mem_gen_v8_4_12_blk_mem_gen_prim_wrapper is either unconnected or has no load
INFO: [Synth 8-7129] Port DOUTA[6] in module blk_mem_gen_v8_4_12_blk_mem_gen_prim_wrapper is either unconnected or has no load
INFO: [Synth 8-7129] Port DOUTA[5] in module blk_mem_gen_v8_4_12_blk_mem_gen_prim_wrapper is either unconnected or has no load
INFO: [Synth 8-7129] Port DOUTA[4] in module blk_mem_gen_v8_4_12_blk_mem_gen_prim_wrapper is either unconnected or has no load
INFO: [Synth 8-7129] Port DOUTA[3] in module blk_mem_gen_v8_4_12_blk_mem_gen_prim_wrapper is either unconnected or has no load
INFO: [Synth 8-7129] Port DOUTA[2] in module blk_mem_gen_v8_4_12_blk_mem_gen_prim_wrapper is either unconnected or has no load
INFO: [Synth 8-7129] Port DOUTA[1] in module blk_mem_gen_v8_4_12_blk_mem_gen_prim_wrapper is either unconnected or has no load
INFO: [Synth 8-7129] Port DOUTA[0] in module blk_mem_gen_v8_4_12_blk_mem_gen_prim_wrapper is either unconnected or has no load
INFO: [Synth 8-7129] Port SBITERR in module blk_mem_gen_v8_4_12_blk_mem_gen_prim_wrapper is either unconnected or has no load
INFO: [Synth 8-7129] Port DBITERR in module blk_mem_gen_v8_4_12_blk_mem_gen_prim_wrapper is either unconnected or has no load
INFO: [Synth 8-7129] Port SSRA in module blk_mem_gen_v8_4_12_blk_mem_gen_prim_wrapper is either unconnected or has no load
INFO: [Synth 8-7129] Port REGCEA in module blk_mem_gen_v8_4_12_blk_mem_gen_prim_wrapper is either unconnected or has no load
INFO: [Synth 8-7129] Port SSRB in module blk_mem_gen_v8_4_12_blk_mem_gen_prim_wrapper is either unconnected or has no load
INFO: [Synth 8-7129] Port WEB[0] in module blk_mem_gen_v8_4_12_blk_mem_gen_prim_wrapper is either unconnected or has no load
INFO: [Synth 8-7129] Port DINB[17] in module blk_mem_gen_v8_4_12_blk_mem_gen_prim_wrapper is either unconnected or has no load
INFO: [Synth 8-7129] Port DINB[16] in module blk_mem_gen_v8_4_12_blk_mem_gen_prim_wrapper is either unconnected or has no load
INFO: [Synth 8-7129] Port DINB[15] in module blk_mem_gen_v8_4_12_blk_mem_gen_prim_wrapper is either unconnected or has no load
INFO: [Synth 8-7129] Port DINB[14] in module blk_mem_gen_v8_4_12_blk_mem_gen_prim_wrapper is either unconnected or has no load
INFO: [Synth 8-7129] Port DINB[13] in module blk_mem_gen_v8_4_12_blk_mem_gen_prim_wrapper is either unconnected or has no load
INFO: [Synth 8-7129] Port DINB[12] in module blk_mem_gen_v8_4_12_blk_mem_gen_prim_wrapper is either unconnected or has no load
INFO: [Synth 8-7129] Port DINB[11] in module blk_mem_gen_v8_4_12_blk_mem_gen_prim_wrapper is either unconnected or has no load
INFO: [Synth 8-7129] Port DINB[10] in module blk_mem_gen_v8_4_12_blk_mem_gen_prim_wrapper is either unconnected or has no load
INFO: [Synth 8-7129] Port DINB[9] in module blk_mem_gen_v8_4_12_blk_mem_gen_prim_wrapper is either unconnected or has no load
INFO: [Synth 8-7129] Port DINB[8] in module blk_mem_gen_v8_4_12_blk_mem_gen_prim_wrapper is either unconnected or has no load
INFO: [Synth 8-7129] Port DINB[7] in module blk_mem_gen_v8_4_12_blk_mem_gen_prim_wrapper is either unconnected or has no load
INFO: [Synth 8-7129] Port DINB[6] in module blk_mem_gen_v8_4_12_blk_mem_gen_prim_wrapper is either unconnected or has no load
INFO: [Synth 8-7129] Port DINB[5] in module blk_mem_gen_v8_4_12_blk_mem_gen_prim_wrapper is either unconnected or has no load
INFO: [Synth 8-7129] Port DINB[4] in module blk_mem_gen_v8_4_12_blk_mem_gen_prim_wrapper is either unconnected or has no load
INFO: [Synth 8-7129] Port DINB[3] in module blk_mem_gen_v8_4_12_blk_mem_gen_prim_wrapper is either unconnected or has no load
INFO: [Synth 8-7129] Port DINB[2] in module blk_mem_gen_v8_4_12_blk_mem_gen_prim_wrapper is either unconnected or has no load
INFO: [Synth 8-7129] Port DINB[1] in module blk_mem_gen_v8_4_12_blk_mem_gen_prim_wrapper is either unconnected or has no load
INFO: [Synth 8-7129] Port DINB[0] in module blk_mem_gen_v8_4_12_blk_mem_gen_prim_wrapper is either unconnected or has no load
INFO: [Synth 8-7129] Port SLEEP in module blk_mem_gen_v8_4_12_blk_mem_gen_prim_wrapper is either unconnected or has no load
INFO: [Synth 8-7129] Port INJECTSBITERR in module blk_mem_gen_v8_4_12_blk_mem_gen_prim_wrapper is either unconnected or has no load
INFO: [Synth 8-7129] Port INJECTDBITERR in module blk_mem_gen_v8_4_12_blk_mem_gen_prim_wrapper is either unconnected or has no load
INFO: [Synth 8-7129] Port ECCPIPECE in module blk_mem_gen_v8_4_12_blk_mem_gen_prim_wrapper is either unconnected or has no load
INFO: [Synth 8-7129] Port RSTA[0] in module blk_mem_gen_v8_4_12_blk_mem_gen_generic_cstr is either unconnected or has no load
INFO: [Synth 8-7129] Port WEA[1] in module blk_mem_gen_v8_4_12_blk_mem_gen_generic_cstr is either unconnected or has no load
INFO: [Synth 8-7129] Port RSTB[0] in module blk_mem_gen_v8_4_12_blk_mem_gen_generic_cstr is either unconnected or has no load
INFO: [Synth 8-7129] Port WEB[1] in module blk_mem_gen_v8_4_12_blk_mem_gen_generic_cstr is either unconnected or has no load
INFO: [Synth 8-7129] Port INJECTSBITERR in module blk_mem_gen_v8_4_12_blk_mem_gen_generic_cstr is either unconnected or has no load
INFO: [Synth 8-7129] Port INJECTDBITERR in module blk_mem_gen_v8_4_12_blk_mem_gen_generic_cstr is either unconnected or has no load
INFO: [Synth 8-7129] Port RSTA in module blk_mem_gen_v8_4_12_blk_mem_input_block is either unconnected or has no load
INFO: [Synth 8-7129] Port ENA in module blk_mem_gen_v8_4_12_blk_mem_input_block is either unconnected or has no load
INFO: [Synth 8-7129] Port REGCEA in module blk_mem_gen_v8_4_12_blk_mem_input_block is either unconnected or has no load
INFO: [Synth 8-7129] Port RSTB in module blk_mem_gen_v8_4_12_blk_mem_input_block is either unconnected or has no load
INFO: [Synth 8-7129] Port REGCEB in module blk_mem_gen_v8_4_12_blk_mem_input_block is either unconnected or has no load
INFO: [Synth 8-7129] Port WEB[0] in module blk_mem_gen_v8_4_12_blk_mem_input_block is either unconnected or has no load
INFO: [Synth 8-7129] Port DINB[9] in module blk_mem_gen_v8_4_12_blk_mem_input_block is either unconnected or has no load
INFO: [Synth 8-7129] Port DINB[8] in module blk_mem_gen_v8_4_12_blk_mem_input_block is either unconnected or has no load
INFO: [Synth 8-7129] Port DINB[7] in module blk_mem_gen_v8_4_12_blk_mem_input_block is either unconnected or has no load
INFO: [Synth 8-7129] Port DINB[6] in module blk_mem_gen_v8_4_12_blk_mem_input_block is either unconnected or has no load
INFO: [Synth 8-7129] Port DINB[5] in module blk_mem_gen_v8_4_12_blk_mem_input_block is either unconnected or has no load
INFO: [Synth 8-7129] Port DINB[4] in module blk_mem_gen_v8_4_12_blk_mem_input_block is either unconnected or has no load
INFO: [Synth 8-7129] Port DINB[3] in module blk_mem_gen_v8_4_12_blk_mem_input_block is either unconnected or has no load
INFO: [Synth 8-7129] Port DINB[2] in module blk_mem_gen_v8_4_12_blk_mem_input_block is either unconnected or has no load
INFO: [Synth 8-7129] Port DINB[1] in module blk_mem_gen_v8_4_12_blk_mem_input_block is either unconnected or has no load
INFO: [Synth 8-7129] Port DINB[0] in module blk_mem_gen_v8_4_12_blk_mem_input_block is either unconnected or has no load
INFO: [Synth 8-7129] Port INJECTDBITERR in module blk_mem_gen_v8_4_12_blk_mem_input_block is either unconnected or has no load
INFO: [Synth 8-7129] Port INJECTSBITERR in module blk_mem_gen_v8_4_12_blk_mem_input_block is either unconnected or has no load
INFO: [Synth 8-7129] Port S_AClk in module blk_mem_gen_v8_4_12_synth is either unconnected or has no load
INFO: [Synth 8-7129] Port S_ARESETN in module blk_mem_gen_v8_4_12_synth is either unconnected or has no load
INFO: [Synth 8-7129] Port S_AXI_AWID[3] in module blk_mem_gen_v8_4_12_synth is either unconnected or has no load
INFO: [Synth 8-7129] Port S_AXI_AWID[2] in module blk_mem_gen_v8_4_12_synth is either unconnected or has no load
INFO: [Synth 8-7129] Port S_AXI_AWID[1] in module blk_mem_gen_v8_4_12_synth is either unconnected or has no load
INFO: [Synth 8-7129] Port S_AXI_AWID[0] in module blk_mem_gen_v8_4_12_synth is either unconnected or has no load
INFO: [Common 17-14] Message 'Synth 8-7129' appears 100 times and further instances of the messages will be disabled. Use the Tcl command set_msg_config to change the current settings.
---------------------------------------------------------------------------------
Finished RTL Elaboration : Time (s): cpu = 00:00:26 ; elapsed = 00:00:28 . Memory (MB): peak = 1885.980 ; gain = 1098.043
---------------------------------------------------------------------------------
---------------------------------------------------------------------------------
Start Handling Custom Attributes
---------------------------------------------------------------------------------
---------------------------------------------------------------------------------
Finished Handling Custom Attributes : Time (s): cpu = 00:00:26 ; elapsed = 00:00:28 . Memory (MB): peak = 1885.980 ; gain = 1098.043
---------------------------------------------------------------------------------
---------------------------------------------------------------------------------
Finished RTL Optimization Phase 1 : Time (s): cpu = 00:00:26 ; elapsed = 00:00:28 . Memory (MB): peak = 1885.980 ; gain = 1098.043
---------------------------------------------------------------------------------
Netlist sorting complete. Time (s): cpu = 00:00:00 ; elapsed = 00:00:00.083 . Memory (MB): peak = 1885.980 ; gain = 0.000
INFO: [Netlist 29-17] Analyzing 112 Unisim elements for replacement
INFO: [Netlist 29-28] Unisim Transformation completed in 0 CPU seconds
INFO: [Project 1-570] Preparing netlist for logic optimization

Processing XDC Constraints
Initializing timing engine
Parsing XDC File [f:/Embedded/Vivado/KMA/led7seg/led7seg.gen/sources_1/bd/counter7seg_design/ip/counter7seg_design_ila_0_0/counter7seg_design_ila_0_0_ooc.xdc] for cell 'inst'
Finished Parsing XDC File [f:/Embedded/Vivado/KMA/led7seg/led7seg.gen/sources_1/bd/counter7seg_design/ip/counter7seg_design_ila_0_0/counter7seg_design_ila_0_0_ooc.xdc] for cell 'inst'
Parsing XDC File [f:/Embedded/Vivado/KMA/led7seg/led7seg.gen/sources_1/bd/counter7seg_design/ip/counter7seg_design_ila_0_0/ila_v6_2/constraints/ila.xdc] for cell 'inst'
Finished Parsing XDC File [f:/Embedded/Vivado/KMA/led7seg/led7seg.gen/sources_1/bd/counter7seg_design/ip/counter7seg_design_ila_0_0/ila_v6_2/constraints/ila.xdc] for cell 'inst'
INFO: [Project 1-236] Implementation specific constraints were found while reading constraint file [f:/Embedded/Vivado/KMA/led7seg/led7seg.gen/sources_1/bd/counter7seg_design/ip/counter7seg_design_ila_0_0/ila_v6_2/constraints/ila.xdc]. These constraints will be ignored for synthesis but will be used in implementation. Impacted constraints are listed in the file [.Xil/counter7seg_design_ila_0_0_propImpl.xdc].
Resolution: To avoid this warning, move constraints listed in [.Xil/counter7seg_design_ila_0_0_propImpl.xdc] to another XDC file and exclude this new file from synthesis with the used_in_synthesis property (File Properties dialog in GUI) and re-run elaboration/synthesis.
Parsing XDC File [F:/Embedded/Vivado/KMA/led7seg/led7seg.runs/counter7seg_design_ila_0_0_synth_1/dont_touch.xdc]
Finished Parsing XDC File [F:/Embedded/Vivado/KMA/led7seg/led7seg.runs/counter7seg_design_ila_0_0_synth_1/dont_touch.xdc]
Completed Processing XDC Constraints

Netlist sorting complete. Time (s): cpu = 00:00:00 ; elapsed = 00:00:00.002 . Memory (MB): peak = 1885.980 ; gain = 0.000
INFO: [Project 1-111] Unisim Transformation Summary:
  A total of 81 instances were transformed.
  CFGLUT5 => CFGLUT5 (SRL16E, SRLC32E): 68 instances
  CFGLUT5 => SRLC32E: 13 instances

Constraint Validation Runtime : Time (s): cpu = 00:00:00 ; elapsed = 00:00:00.123 . Memory (MB): peak = 1885.980 ; gain = 0.000
INFO: [Designutils 20-5008] Incremental synthesis strategy off
---------------------------------------------------------------------------------
Finished Constraint Validation : Time (s): cpu = 00:00:40 ; elapsed = 00:00:43 . Memory (MB): peak = 1885.980 ; gain = 1098.043
---------------------------------------------------------------------------------
---------------------------------------------------------------------------------
Start Loading Part and Timing Information
---------------------------------------------------------------------------------
Loading part: xc7a35ticsg324-1L
---------------------------------------------------------------------------------
Finished Loading Part and Timing Information : Time (s): cpu = 00:00:40 ; elapsed = 00:00:43 . Memory (MB): peak = 1885.980 ; gain = 1098.043
---------------------------------------------------------------------------------
---------------------------------------------------------------------------------
Start Applying 'set_property' XDC Constraints
---------------------------------------------------------------------------------
---------------------------------------------------------------------------------
Finished applying 'set_property' XDC Constraints : Time (s): cpu = 00:00:40 ; elapsed = 00:00:43 . Memory (MB): peak = 1885.980 ; gain = 1098.043
---------------------------------------------------------------------------------
INFO: [Synth 8-802] inferred FSM for state register 'current_state_reg' in module 'xsdbs_v1_0_5_reg_p2s'
INFO: [Synth 8-802] inferred FSM for state register 'current_state_reg' in module 'xsdbs_v1_0_5_reg_p2s__parameterized0'
INFO: [Synth 8-802] inferred FSM for state register 'current_state_reg' in module 'xsdbs_v1_0_5_reg_p2s__parameterized1'
INFO: [Synth 8-802] inferred FSM for state register 'current_state_reg' in module 'xsdbs_v1_0_5_reg_p2s__parameterized2'
INFO: [Synth 8-802] inferred FSM for state register 'current_state_reg' in module 'xsdbs_v1_0_5_reg_p2s__parameterized3'
INFO: [Synth 8-802] inferred FSM for state register 'current_state_reg' in module 'xsdbs_v1_0_5_reg_p2s__parameterized4'
INFO: [Synth 8-802] inferred FSM for state register 'current_state_reg' in module 'xsdbs_v1_0_5_reg_p2s__parameterized5'
INFO: [Synth 8-802] inferred FSM for state register 'current_state_reg' in module 'xsdbs_v1_0_5_reg_p2s__parameterized6'
INFO: [Synth 8-802] inferred FSM for state register 'current_state_reg' in module 'xsdbs_v1_0_5_reg_p2s__parameterized7'
INFO: [Synth 8-802] inferred FSM for state register 'current_state_reg' in module 'xsdbs_v1_0_5_reg_p2s__parameterized8'
INFO: [Synth 8-802] inferred FSM for state register 'current_state_reg' in module 'xsdbs_v1_0_5_reg_p2s__parameterized9'
INFO: [Synth 8-802] inferred FSM for state register 'current_state_reg' in module 'ltlib_v1_0_3_generic_memrd'
---------------------------------------------------------------------------------------------------
                   State |                     New Encoding |                Previous Encoding 
---------------------------------------------------------------------------------------------------
                    IDLE |                             0001 |                             0001
                     REG |                             0010 |                             0010
                     P2S |                             0100 |                             0100
                     S2P |                             1000 |                             1000
---------------------------------------------------------------------------------------------------
INFO: [Synth 8-3354] encoded FSM with state register 'current_state_reg' using encoding 'one-hot' in module 'xsdbs_v1_0_5_reg_p2s'
---------------------------------------------------------------------------------------------------
                   State |                     New Encoding |                Previous Encoding 
---------------------------------------------------------------------------------------------------
                    IDLE |                             0001 |                             0001
                     REG |                             0010 |                             0010
                     P2S |                             0100 |                             0100
                     S2P |                             1000 |                             1000
---------------------------------------------------------------------------------------------------
INFO: [Synth 8-3354] encoded FSM with state register 'current_state_reg' using encoding 'one-hot' in module 'xsdbs_v1_0_5_reg_p2s__parameterized0'
---------------------------------------------------------------------------------------------------
                   State |                     New Encoding |                Previous Encoding 
---------------------------------------------------------------------------------------------------
                    IDLE |                             0001 |                             0001
                     REG |                             0010 |                             0010
                     P2S |                             0100 |                             0100
                     S2P |                             1000 |                             1000
---------------------------------------------------------------------------------------------------
INFO: [Synth 8-3354] encoded FSM with state register 'current_state_reg' using encoding 'one-hot' in module 'xsdbs_v1_0_5_reg_p2s__parameterized1'
---------------------------------------------------------------------------------------------------
                   State |                     New Encoding |                Previous Encoding 
---------------------------------------------------------------------------------------------------
                    IDLE |                             0001 |                             0001
                     REG |                             0010 |                             0010
                     P2S |                             0100 |                             0100
                     S2P |                             1000 |                             1000
---------------------------------------------------------------------------------------------------
INFO: [Synth 8-3354] encoded FSM with state register 'current_state_reg' using encoding 'one-hot' in module 'xsdbs_v1_0_5_reg_p2s__parameterized2'
---------------------------------------------------------------------------------------------------
                   State |                     New Encoding |                Previous Encoding 
---------------------------------------------------------------------------------------------------
                    IDLE |                             0001 |                             0001
                     REG |                             0010 |                             0010
                     P2S |                             0100 |                             0100
                     S2P |                             1000 |                             1000
---------------------------------------------------------------------------------------------------
INFO: [Synth 8-3354] encoded FSM with state register 'current_state_reg' using encoding 'one-hot' in module 'xsdbs_v1_0_5_reg_p2s__parameterized3'
---------------------------------------------------------------------------------------------------
                   State |                     New Encoding |                Previous Encoding 
---------------------------------------------------------------------------------------------------
                    IDLE |                             0001 |                             0001
                     REG |                             0010 |                             0010
                     P2S |                             0100 |                             0100
                     S2P |                             1000 |                             1000
---------------------------------------------------------------------------------------------------
INFO: [Synth 8-3354] encoded FSM with state register 'current_state_reg' using encoding 'one-hot' in module 'xsdbs_v1_0_5_reg_p2s__parameterized4'
---------------------------------------------------------------------------------------------------
                   State |                     New Encoding |                Previous Encoding 
---------------------------------------------------------------------------------------------------
                    IDLE |                             0001 |                             0001
                     REG |                             0010 |                             0010
                     P2S |                             0100 |                             0100
                     S2P |                             1000 |                             1000
---------------------------------------------------------------------------------------------------
INFO: [Synth 8-3354] encoded FSM with state register 'current_state_reg' using encoding 'one-hot' in module 'xsdbs_v1_0_5_reg_p2s__parameterized5'
---------------------------------------------------------------------------------------------------
                   State |                     New Encoding |                Previous Encoding 
---------------------------------------------------------------------------------------------------
                    IDLE |                             0001 |                             0001
                     REG |                             0010 |                             0010
                     P2S |                             0100 |                             0100
                     S2P |                             1000 |                             1000
---------------------------------------------------------------------------------------------------
INFO: [Synth 8-3354] encoded FSM with state register 'current_state_reg' using encoding 'one-hot' in module 'xsdbs_v1_0_5_reg_p2s__parameterized6'
---------------------------------------------------------------------------------------------------
                   State |                     New Encoding |                Previous Encoding 
---------------------------------------------------------------------------------------------------
                    IDLE |                             0001 |                             0001
                     REG |                             0010 |                             0010
                     P2S |                             0100 |                             0100
                     S2P |                             1000 |                             1000
---------------------------------------------------------------------------------------------------
INFO: [Synth 8-3354] encoded FSM with state register 'current_state_reg' using encoding 'one-hot' in module 'xsdbs_v1_0_5_reg_p2s__parameterized7'
---------------------------------------------------------------------------------------------------
                   State |                     New Encoding |                Previous Encoding 
---------------------------------------------------------------------------------------------------
                    IDLE |                             0001 |                             0001
                     REG |                             0010 |                             0010
                     P2S |                             0100 |                             0100
                     S2P |                             1000 |                             1000
---------------------------------------------------------------------------------------------------
INFO: [Synth 8-3354] encoded FSM with state register 'current_state_reg' using encoding 'one-hot' in module 'xsdbs_v1_0_5_reg_p2s__parameterized8'
---------------------------------------------------------------------------------------------------
                   State |                     New Encoding |                Previous Encoding 
---------------------------------------------------------------------------------------------------
                    IDLE |                             0001 |                             0001
                     REG |                             0010 |                             0010
                     P2S |                             0100 |                             0100
                     S2P |                             1000 |                             1000
---------------------------------------------------------------------------------------------------
INFO: [Synth 8-3354] encoded FSM with state register 'current_state_reg' using encoding 'one-hot' in module 'xsdbs_v1_0_5_reg_p2s__parameterized9'
---------------------------------------------------------------------------------------------------
                   State |                     New Encoding |                Previous Encoding 
---------------------------------------------------------------------------------------------------
              RESET_ADDR |                          0000001 |                          0000001
            REQUEST_READ |                          0000010 |                          0000010
           WAIT_READ_ACK |                          0000100 |                          0000100
             OUTPUT_DATA |                          0001000 |                          0001000
                    IDLE |                          0010000 |                          0010000
       INCREMENT_ADDRESS |                          1000000 |                          1000000
---------------------------------------------------------------------------------------------------
INFO: [Synth 8-3354] encoded FSM with state register 'current_state_reg' using encoding 'one-hot' in module 'ltlib_v1_0_3_generic_memrd'
---------------------------------------------------------------------------------
Finished RTL Optimization Phase 2 : Time (s): cpu = 00:00:41 ; elapsed = 00:00:44 . Memory (MB): peak = 1885.980 ; gain = 1098.043
---------------------------------------------------------------------------------
---------------------------------------------------------------------------------
Start RTL Component Statistics 
---------------------------------------------------------------------------------
---------------------------------------------------------------------------------
Finished RTL Component Statistics 
---------------------------------------------------------------------------------
---------------------------------------------------------------------------------
Start Part Resource Summary
---------------------------------------------------------------------------------
Part Resources:
DSPs: 90 (col length:60)
BRAMs: 100 (col length: RAMB18 60 RAMB36 30)
---------------------------------------------------------------------------------
Finished Part Resource Summary
---------------------------------------------------------------------------------
---------------------------------------------------------------------------------
Start Cross Boundary and Area Optimization
---------------------------------------------------------------------------------
WARNING: [Synth 8-3332] Sequential element (FSM_onehot_current_state_reg[5]) is unused and will be removed from module ltlib_v1_0_3_generic_memrd.
---------------------------------------------------------------------------------
Finished Cross Boundary and Area Optimization : Time (s): cpu = 00:00:49 ; elapsed = 00:00:53 . Memory (MB): peak = 1885.980 ; gain = 1098.043
---------------------------------------------------------------------------------
---------------------------------------------------------------------------------
Start Applying XDC Timing Constraints
---------------------------------------------------------------------------------
---------------------------------------------------------------------------------
Finished Applying XDC Timing Constraints : Time (s): cpu = 00:00:54 ; elapsed = 00:00:58 . Memory (MB): peak = 1885.980 ; gain = 1098.043
---------------------------------------------------------------------------------
---------------------------------------------------------------------------------
Start Timing Optimization
---------------------------------------------------------------------------------
---------------------------------------------------------------------------------
Finished Timing Optimization : Time (s): cpu = 00:00:54 ; elapsed = 00:00:58 . Memory (MB): peak = 1885.980 ; gain = 1098.043
---------------------------------------------------------------------------------
---------------------------------------------------------------------------------
Start Technology Mapping
---------------------------------------------------------------------------------
---------------------------------------------------------------------------------
Finished Technology Mapping : Time (s): cpu = 00:00:55 ; elapsed = 00:00:59 . Memory (MB): peak = 1885.980 ; gain = 1098.043
---------------------------------------------------------------------------------
---------------------------------------------------------------------------------
Start IO Insertion
---------------------------------------------------------------------------------
---------------------------------------------------------------------------------
Start Flattening Before IO Insertion
---------------------------------------------------------------------------------
---------------------------------------------------------------------------------
Finished Flattening Before IO Insertion
---------------------------------------------------------------------------------
---------------------------------------------------------------------------------
Start Final Netlist Cleanup
---------------------------------------------------------------------------------
---------------------------------------------------------------------------------
Finished Final Netlist Cleanup
---------------------------------------------------------------------------------
---------------------------------------------------------------------------------
Finished IO Insertion : Time (s): cpu = 00:00:58 ; elapsed = 00:01:02 . Memory (MB): peak = 1981.902 ; gain = 1193.965
---------------------------------------------------------------------------------
---------------------------------------------------------------------------------
Start Renaming Generated Instances
---------------------------------------------------------------------------------
---------------------------------------------------------------------------------
Finished Renaming Generated Instances : Time (s): cpu = 00:00:58 ; elapsed = 00:01:02 . Memory (MB): peak = 1981.902 ; gain = 1193.965
---------------------------------------------------------------------------------
---------------------------------------------------------------------------------
Start Rebuilding User Hierarchy
---------------------------------------------------------------------------------
---------------------------------------------------------------------------------
Finished Rebuilding User Hierarchy : Time (s): cpu = 00:00:58 ; elapsed = 00:01:02 . Memory (MB): peak = 1981.902 ; gain = 1193.965
---------------------------------------------------------------------------------
---------------------------------------------------------------------------------
Start Renaming Generated Ports
---------------------------------------------------------------------------------
---------------------------------------------------------------------------------
Finished Renaming Generated Ports : Time (s): cpu = 00:00:58 ; elapsed = 00:01:02 . Memory (MB): peak = 1981.902 ; gain = 1193.965
---------------------------------------------------------------------------------
---------------------------------------------------------------------------------
Start Handling Custom Attributes
---------------------------------------------------------------------------------
---------------------------------------------------------------------------------
Finished Handling Custom Attributes : Time (s): cpu = 00:00:58 ; elapsed = 00:01:02 . Memory (MB): peak = 1981.902 ; gain = 1193.965
---------------------------------------------------------------------------------
---------------------------------------------------------------------------------
Start Renaming Generated Nets
---------------------------------------------------------------------------------
---------------------------------------------------------------------------------
Finished Renaming Generated Nets : Time (s): cpu = 00:00:58 ; elapsed = 00:01:02 . Memory (MB): peak = 1981.902 ; gain = 1193.965
---------------------------------------------------------------------------------
---------------------------------------------------------------------------------
Start Writing Synthesis Report
---------------------------------------------------------------------------------

Report BlackBoxes: 
+-+--------------+----------+
| |BlackBox name |Instances |
+-+--------------+----------+
+-+--------------+----------+

Report Cell Usage: 
+------+---------+------+
|      |Cell     |Count |
+------+---------+------+
|1     |CARRY4   |    30|
|2     |CFGLUT5  |    81|
|3     |LUT1     |    35|
|4     |LUT2     |    83|
|5     |LUT3     |   107|
|6     |LUT4     |   252|
|7     |LUT5     |   109|
|8     |LUT6     |   354|
|9     |MUXF7    |     4|
|10    |RAMB18E1 |     1|
|11    |SRL16E   |    13|
|12    |SRLC16E  |     2|
|13    |SRLC32E  |    17|
|14    |FDRE     |  1462|
|15    |FDSE     |    10|
+------+---------+------+
---------------------------------------------------------------------------------
Finished Writing Synthesis Report : Time (s): cpu = 00:00:58 ; elapsed = 00:01:02 . Memory (MB): peak = 1981.902 ; gain = 1193.965
---------------------------------------------------------------------------------
Synthesis finished with 0 errors, 0 critical warnings and 1 warnings.
Synthesis Optimization Runtime : Time (s): cpu = 00:00:23 ; elapsed = 00:00:53 . Memory (MB): peak = 1981.902 ; gain = 1193.965
Synthesis Optimization Complete : Time (s): cpu = 00:00:58 ; elapsed = 00:01:02 . Memory (MB): peak = 1981.902 ; gain = 1193.965
INFO: [Project 1-571] Translating synthesized netlist
Netlist sorting complete. Time (s): cpu = 00:00:00 ; elapsed = 00:00:00.036 . Memory (MB): peak = 1981.902 ; gain = 0.000
INFO: [Netlist 29-17] Analyzing 116 Unisim elements for replacement
INFO: [Netlist 29-28] Unisim Transformation completed in 0 CPU seconds
INFO: [Project 1-570] Preparing netlist for logic optimization
INFO: [Opt 31-138] Pushed 0 inverter(s) to 0 load pin(s).
Netlist sorting complete. Time (s): cpu = 00:00:00 ; elapsed = 00:00:00.001 . Memory (MB): peak = 1994.719 ; gain = 0.000
INFO: [Project 1-111] Unisim Transformation Summary:
  A total of 81 instances were transformed.
  CFGLUT5 => CFGLUT5 (SRL16E, SRLC32E): 68 instances
  CFGLUT5 => SRLC32E: 13 instances

Synth Design complete | Checksum: 3b9f27c4
INFO: [Common 17-83] Releasing license: Synthesis
266 Infos, 1 Warnings, 0 Critical Warnings and 0 Errors encountered.
synth_design completed successfully
synth_design: Time (s): cpu = 00:01:02 ; elapsed = 00:01:07 . Memory (MB): peak = 1994.719 ; gain = 1395.812
Write ShapeDB Complete: Time (s): cpu = 00:00:00 ; elapsed = 00:00:00.003 . Memory (MB): peak = 1994.719 ; gain = 0.000
INFO: [Common 17-1381] The checkpoint 'F:/Embedded/Vivado/KMA/led7seg/led7seg.runs/counter7seg_design_ila_0_0_synth_1/counter7seg_design_ila_0_0.dcp' has been generated.
INFO: [Coretcl 2-1648] Added synthesis output to IP cache for IP counter7seg_design_ila_0_0, cache-ID = f4d43d6b2f4a369d
INFO: [Coretcl 2-1174] Renamed 144 cell refs.
Write ShapeDB Complete: Time (s): cpu = 00:00:00 ; elapsed = 00:00:00.003 . Memory (MB): peak = 1994.719 ; gain = 0.000
INFO: [Common 17-1381] The checkpoint 'F:/Embedded/Vivado/KMA/led7seg/led7seg.runs/counter7seg_design_ila_0_0_synth_1/counter7seg_design_ila_0_0.dcp' has been generated.
INFO: [Vivado 12-24828] Executing command : report_utilization -file counter7seg_design_ila_0_0_utilization_synth.rpt -pb counter7seg_design_ila_0_0_utilization_synth.pb
INFO: [Common 17-206] Exiting Vivado at Tue Jun 16 23:33:24 2026...
